2025-08-06T21:33:33.033+0600 [DEBUG] [org.gradle.launcher.daemon.bootstrap.DaemonMain] Assuming the daemon was started with following jvm opts: [--add-opens=java.base/java.util=ALL-UNNAMED, --add-opens=java.base/java.lang=ALL-UNNAMED, --add-opens=java.base/java.lang.invoke=ALL-UNNAMED, --add-opens=java.prefs/java.util.prefs=ALL-UNNAMED, --add-opens=java.base/java.nio.charset=ALL-UNNAMED, --add-opens=java.base/java.net=ALL-UNNAMED, --add-opens=java.base/java.util.concurrent.atomic=ALL-UNNAMED, -Xmx2048m, -Dfile.encoding=UTF-8, -Duser.country=KG, -Duser.language=ru, -Duser.variant]
2025-08-06T21:33:33.192+0600 [INFO] [org.gradle.launcher.daemon.server.Daemon] start() called on daemon - DefaultDaemonContext[uid=071651e7-a90c-4eb6-9128-7d142095dea0,javaHome=/Applications/Android Studio.app/Contents/jbr/Contents/Home,daemonRegistryDir=/Users/user/Downloads/fmh_android_15_03_24/daemon,pid=5818,idleTimeout=10800000,priority=NORMAL,applyInstrumentationAgent=true,daemonOpts=--add-opens=java.base/java.util=ALL-UNNAMED,--add-opens=java.base/java.lang=ALL-UNNAMED,--add-opens=java.base/java.lang.invoke=ALL-UNNAMED,--add-opens=java.prefs/java.util.prefs=ALL-UNNAMED,--add-opens=java.base/java.nio.charset=ALL-UNNAMED,--add-opens=java.base/java.net=ALL-UNNAMED,--add-opens=java.base/java.util.concurrent.atomic=ALL-UNNAMED,-Xmx2048m,-Dfile.encoding=UTF-8,-Duser.country=KG,-Duser.language=ru,-Duser.variant]
2025-08-06T21:33:33.244+0600 [DEBUG] [org.gradle.internal.remote.internal.inet.InetAddresses] Adding IP addresses for network interface utun4
2025-08-06T21:33:33.245+0600 [DEBUG] [org.gradle.internal.remote.internal.inet.InetAddresses] Is this a loopback interface? false
2025-08-06T21:33:33.245+0600 [DEBUG] [org.gradle.internal.remote.internal.inet.InetAddresses] Adding remote address /fe80:0:0:0:f326:e9c7:8eb6:154e%utun4
2025-08-06T21:33:33.246+0600 [DEBUG] [org.gradle.internal.remote.internal.inet.InetAddresses] Adding IP addresses for network interface utun3
2025-08-06T21:33:33.246+0600 [DEBUG] [org.gradle.internal.remote.internal.inet.InetAddresses] Is this a loopback interface? false
2025-08-06T21:33:33.246+0600 [DEBUG] [org.gradle.internal.remote.internal.inet.InetAddresses] Adding remote address /fe80:0:0:0:d833:5959:d965:3125%utun3
2025-08-06T21:33:33.247+0600 [DEBUG] [org.gradle.internal.remote.internal.inet.InetAddresses] Adding IP addresses for network interface utun2
2025-08-06T21:33:33.247+0600 [DEBUG] [org.gradle.internal.remote.internal.inet.InetAddresses] Is this a loopback interface? false
2025-08-06T21:33:33.247+0600 [DEBUG] [org.gradle.internal.remote.internal.inet.InetAddresses] Adding remote address /fe80:0:0:0:ce81:b1c:bd2c:69e%utun2
2025-08-06T21:33:33.248+0600 [DEBUG] [org.gradle.internal.remote.internal.inet.InetAddresses] Adding IP addresses for network interface utun1
2025-08-06T21:33:33.248+0600 [DEBUG] [org.gradle.internal.remote.internal.inet.InetAddresses] Is this a loopback interface? false
2025-08-06T21:33:33.249+0600 [DEBUG] [org.gradle.internal.remote.internal.inet.InetAddresses] Adding remote address /fe80:0:0:0:fb1c:d9d7:9301:46e3%utun1
2025-08-06T21:33:33.249+0600 [DEBUG] [org.gradle.internal.remote.internal.inet.InetAddresses] Adding IP addresses for network interface utun0
2025-08-06T21:33:33.249+0600 [DEBUG] [org.gradle.internal.remote.internal.inet.InetAddresses] Is this a loopback interface? false
2025-08-06T21:33:33.249+0600 [DEBUG] [org.gradle.internal.remote.internal.inet.InetAddresses] Adding remote address /fe80:0:0:0:db12:278b:6876:6c19%utun0
2025-08-06T21:33:33.250+0600 [DEBUG] [org.gradle.internal.remote.internal.inet.InetAddresses] Adding IP addresses for network interface llw0
2025-08-06T21:33:33.250+0600 [DEBUG] [org.gradle.internal.remote.internal.inet.InetAddresses] Is this a loopback interface? false
2025-08-06T21:33:33.250+0600 [DEBUG] [org.gradle.internal.remote.internal.inet.InetAddresses] Adding remote address /fe80:0:0:0:5878:9dff:fe94:5843%llw0
2025-08-06T21:33:33.250+0600 [DEBUG] [org.gradle.internal.remote.internal.inet.InetAddresses] Adding IP addresses for network interface awdl0
2025-08-06T21:33:33.251+0600 [DEBUG] [org.gradle.internal.remote.internal.inet.InetAddresses] Is this a loopback interface? false
2025-08-06T21:33:33.251+0600 [DEBUG] [org.gradle.internal.remote.internal.inet.InetAddresses] Adding remote address /fe80:0:0:0:5878:9dff:fe94:5843%awdl0
2025-08-06T21:33:33.251+0600 [DEBUG] [org.gradle.internal.remote.internal.inet.InetAddresses] Adding IP addresses for network interface en0
2025-08-06T21:33:33.251+0600 [DEBUG] [org.gradle.internal.remote.internal.inet.InetAddresses] Is this a loopback interface? false
2025-08-06T21:33:33.252+0600 [DEBUG] [org.gradle.internal.remote.internal.inet.InetAddresses] Adding remote address /fe80:0:0:0:64:f176:22fd:cb1c%en0
2025-08-06T21:33:33.252+0600 [DEBUG] [org.gradle.internal.remote.internal.inet.InetAddresses] Adding remote address /10.1.30.46
2025-08-06T21:33:33.252+0600 [DEBUG] [org.gradle.internal.remote.internal.inet.InetAddresses] Adding IP addresses for network interface lo0
2025-08-06T21:33:33.253+0600 [DEBUG] [org.gradle.internal.remote.internal.inet.InetAddresses] Is this a loopback interface? true
2025-08-06T21:33:33.253+0600 [DEBUG] [org.gradle.internal.remote.internal.inet.InetAddresses] Ignoring remote address on loopback interface /fe80:0:0:0:0:0:0:1%lo0
2025-08-06T21:33:33.254+0600 [DEBUG] [org.gradle.internal.remote.internal.inet.InetAddresses] Adding loopback address /0:0:0:0:0:0:0:1%lo0
2025-08-06T21:33:33.254+0600 [DEBUG] [org.gradle.internal.remote.internal.inet.InetAddresses] Adding loopback address /127.0.0.1
2025-08-06T21:33:33.258+0600 [DEBUG] [org.gradle.internal.remote.internal.inet.TcpIncomingConnector] Listening on [be7e6d31-60dc-4b8c-8044-53d357247fcc port:54311, addresses:[localhost/127.0.0.1]].
2025-08-06T21:33:33.279+0600 [DEBUG] [org.gradle.launcher.daemon.server.Daemon] Daemon starting at: Wed Aug 06 21:33:33 KGT 2025, with address: [be7e6d31-60dc-4b8c-8044-53d357247fcc port:54311, addresses:[localhost/127.0.0.1]]
2025-08-06T21:33:33.279+0600 [INFO] [org.gradle.launcher.daemon.server.DaemonRegistryUpdater] Advertising the daemon address to the clients: [be7e6d31-60dc-4b8c-8044-53d357247fcc port:54311, addresses:[localhost/127.0.0.1]]
2025-08-06T21:33:33.280+0600 [DEBUG] [org.gradle.launcher.daemon.server.DaemonRegistryUpdater] Advertised daemon context: DefaultDaemonContext[uid=071651e7-a90c-4eb6-9128-7d142095dea0,javaHome=/Applications/Android Studio.app/Contents/jbr/Contents/Home,daemonRegistryDir=/Users/user/Downloads/fmh_android_15_03_24/daemon,pid=5818,idleTimeout=10800000,priority=NORMAL,applyInstrumentationAgent=true,daemonOpts=--add-opens=java.base/java.util=ALL-UNNAMED,--add-opens=java.base/java.lang=ALL-UNNAMED,--add-opens=java.base/java.lang.invoke=ALL-UNNAMED,--add-opens=java.prefs/java.util.prefs=ALL-UNNAMED,--add-opens=java.base/java.nio.charset=ALL-UNNAMED,--add-opens=java.base/java.net=ALL-UNNAMED,--add-opens=java.base/java.util.concurrent.atomic=ALL-UNNAMED,-Xmx2048m,-Dfile.encoding=UTF-8,-Duser.country=KG,-Duser.language=ru,-Duser.variant]
2025-08-06T21:33:33.280+0600 [DEBUG] [org.gradle.launcher.daemon.registry.PersistentDaemonRegistry] Storing daemon address: [be7e6d31-60dc-4b8c-8044-53d357247fcc port:54311, addresses:[localhost/127.0.0.1]], context: DefaultDaemonContext[uid=071651e7-a90c-4eb6-9128-7d142095dea0,javaHome=/Applications/Android Studio.app/Contents/jbr/Contents/Home,daemonRegistryDir=/Users/user/Downloads/fmh_android_15_03_24/daemon,pid=5818,idleTimeout=10800000,priority=NORMAL,applyInstrumentationAgent=true,daemonOpts=--add-opens=java.base/java.util=ALL-UNNAMED,--add-opens=java.base/java.lang=ALL-UNNAMED,--add-opens=java.base/java.lang.invoke=ALL-UNNAMED,--add-opens=java.prefs/java.util.prefs=ALL-UNNAMED,--add-opens=java.base/java.nio.charset=ALL-UNNAMED,--add-opens=java.base/java.net=ALL-UNNAMED,--add-opens=java.base/java.util.concurrent.atomic=ALL-UNNAMED,-Xmx2048m,-Dfile.encoding=UTF-8,-Duser.country=KG,-Duser.language=ru,-Duser.variant]
2025-08-06T21:33:33.297+0600 [DEBUG] [org.gradle.cache.internal.DefaultFileLockManager] Waiting to acquire exclusive lock on daemon addresses registry.
2025-08-06T21:33:33.301+0600 [DEBUG] [org.gradle.cache.internal.DefaultFileLockManager] Lock acquired on daemon addresses registry.
2025-08-06T21:33:33.305+0600 [DEBUG] [org.gradle.cache.internal.DefaultFileLockManager] Releasing lock on daemon addresses registry.
2025-08-06T21:33:33.306+0600 [LIFECYCLE] [org.gradle.launcher.daemon.server.Daemon] Daemon server started.
2025-08-06T21:33:33.307+0600 [DEBUG] [org.gradle.launcher.daemon.bootstrap.DaemonStartupCommunication] Completed writing the daemon greeting. Closing streams...
2025-08-06T21:33:33.311+0600 [DEBUG] [org.gradle.internal.remote.internal.inet.TcpIncomingConnector] Accepted connection from /127.0.0.1:54312 to /127.0.0.1:54311.
2025-08-06T21:33:33.312+0600 [DEBUG] [org.gradle.launcher.daemon.server.Daemon] stopOnExpiration() called on daemon
2025-08-06T21:33:33.313+0600 [DEBUG] [org.gradle.launcher.daemon.server.Daemon] awaitExpiration() called on daemon
2025-08-06T21:33:33.313+0600 [DEBUG] [org.gradle.launcher.daemon.server.DaemonStateCoordinator] daemon is running. Sleeping until state changes.
2025-08-06T21:33:33.343+0600 [DEBUG] [org.gradle.launcher.daemon.server.SynchronizedDispatchConnection] thread 32: received class org.gradle.launcher.daemon.protocol.Build
2025-08-06T21:33:33.343+0600 [DEBUG] [org.gradle.launcher.daemon.server.DefaultDaemonConnection] thread 32: Received non-IO message from client: Build{id=48c80237-cbf5-4706-828a-bbe4816fc19f, currentDir=/Users/user/Downloads/fmh_android_15_03_24}
2025-08-06T21:33:33.344+0600 [INFO] [org.gradle.launcher.daemon.server.DefaultIncomingConnectionHandler] Received command: Build{id=48c80237-cbf5-4706-828a-bbe4816fc19f, currentDir=/Users/user/Downloads/fmh_android_15_03_24}.
2025-08-06T21:33:33.344+0600 [DEBUG] [org.gradle.launcher.daemon.server.DefaultIncomingConnectionHandler] Starting executing command: Build{id=48c80237-cbf5-4706-828a-bbe4816fc19f, currentDir=/Users/user/Downloads/fmh_android_15_03_24} with connection: socket connection from /127.0.0.1:54311 to /127.0.0.1:54312.
2025-08-06T21:33:33.346+0600 [DEBUG] [org.gradle.launcher.daemon.server.DaemonStateCoordinator] Command execution: started DaemonCommandExecution[command = Build{id=48c80237-cbf5-4706-828a-bbe4816fc19f, currentDir=/Users/user/Downloads/fmh_android_15_03_24}, connection = DefaultDaemonConnection: socket connection from /127.0.0.1:54311 to /127.0.0.1:54312] after 0.0 minutes of idle
2025-08-06T21:33:33.347+0600 [INFO] [org.gradle.launcher.daemon.server.DaemonRegistryUpdater] Marking the daemon as busy, address: [be7e6d31-60dc-4b8c-8044-53d357247fcc port:54311, addresses:[localhost/127.0.0.1]]
2025-08-06T21:33:33.347+0600 [DEBUG] [org.gradle.launcher.daemon.registry.PersistentDaemonRegistry] Marking busy by address: [be7e6d31-60dc-4b8c-8044-53d357247fcc port:54311, addresses:[localhost/127.0.0.1]]
2025-08-06T21:33:33.347+0600 [DEBUG] [org.gradle.cache.internal.DefaultFileLockManager] Waiting to acquire exclusive lock on daemon addresses registry.
2025-08-06T21:33:33.348+0600 [DEBUG] [org.gradle.cache.internal.DefaultFileLockManager] Lock acquired on daemon addresses registry.
2025-08-06T21:33:33.349+0600 [DEBUG] [org.gradle.cache.internal.DefaultFileLockManager] Releasing lock on daemon addresses registry.
2025-08-06T21:33:33.350+0600 [DEBUG] [org.gradle.launcher.daemon.server.DaemonStateCoordinator] resetting idle timer
2025-08-06T21:33:33.350+0600 [DEBUG] [org.gradle.launcher.daemon.server.DaemonStateCoordinator] daemon is running. Sleeping until state changes.
2025-08-06T21:33:33.351+0600 [INFO] [org.gradle.launcher.daemon.server.exec.StartBuildOrRespondWithBusy] Daemon is about to start building Build{id=48c80237-cbf5-4706-828a-bbe4816fc19f, currentDir=/Users/user/Downloads/fmh_android_15_03_24}. Dispatching build started information...
2025-08-06T21:33:33.351+0600 [DEBUG] [org.gradle.launcher.daemon.server.SynchronizedDispatchConnection] thread 34: dispatching org.gradle.launcher.daemon.protocol.BuildStarted@71ef60c9
2025-08-06T21:33:33.353+0600 [DEBUG] [org.gradle.launcher.daemon.server.exec.EstablishBuildEnvironment] Configuring env variables: [PATH, __CFBundleIdentifier, NVM_CD_FLAGS, NVM_DIR, SHELL, IJ_RESTARTER_LOG, OLDPWD, SECURITYSESSIONID, USER, COMMAND_MODE, LaunchInstanceID, TMPDIR, SSH_AUTH_SOCK, DISPLAY, XPC_FLAGS, NVM_INC, __CF_USER_TEXT_ENCODING, LOGNAME, LC_CTYPE, XPC_SERVICE_NAME, NVM_BIN, HOME]
2025-08-06T21:33:33.357+0600 [DEBUG] [org.gradle.launcher.daemon.server.exec.LogToClient] About to start relaying all logs to the client via the connection.
2025-08-06T21:33:33.357+0600 [INFO] [org.gradle.launcher.daemon.server.exec.LogToClient] The client will now receive all logging from the daemon (pid: 5818). The daemon log file: /Users/user/Downloads/fmh_android_15_03_24/daemon/8.5/daemon-5818.out.log
2025-08-06T21:33:33.360+0600 [INFO] [org.gradle.launcher.daemon.server.exec.LogAndCheckHealth] Starting build in new daemon [memory: 2 GiB]
2025-08-06T21:33:33.362+0600 [DEBUG] [org.gradle.launcher.daemon.server.exec.ExecuteBuild] The daemon has started executing the build.
2025-08-06T21:33:33.363+0600 [DEBUG] [org.gradle.launcher.daemon.server.exec.ExecuteBuild] Executing build with daemon context: DefaultDaemonContext[uid=071651e7-a90c-4eb6-9128-7d142095dea0,javaHome=/Applications/Android Studio.app/Contents/jbr/Contents/Home,daemonRegistryDir=/Users/user/Downloads/fmh_android_15_03_24/daemon,pid=5818,idleTimeout=10800000,priority=NORMAL,applyInstrumentationAgent=true,daemonOpts=--add-opens=java.base/java.util=ALL-UNNAMED,--add-opens=java.base/java.lang=ALL-UNNAMED,--add-opens=java.base/java.lang.invoke=ALL-UNNAMED,--add-opens=java.prefs/java.util.prefs=ALL-UNNAMED,--add-opens=java.base/java.nio.charset=ALL-UNNAMED,--add-opens=java.base/java.net=ALL-UNNAMED,--add-opens=java.base/java.util.concurrent.atomic=ALL-UNNAMED,-Xmx2048m,-Dfile.encoding=UTF-8,-Duser.country=KG,-Duser.language=ru,-Duser.variant]
AGPBI: {"kind":"warning","text":"API 'BaseVariant.getApplicationIdTextResource' is obsolete and has been replaced with 'VariantProperties.applicationId'.\nIt will be removed in version 7.0 of the Android Gradle plugin.\nFor more information, see TBD.\nTo determine what is calling BaseVariant.getApplicationIdTextResource, use -Pandroid.debug.obsoleteApi=true on the command line to display more information.","sources":[{}]}

Deprecated Gradle features were used in this build, making it incompatible with Gradle 9.0.

You can use '--warning-mode all' to show the individual deprecation warnings and determine if they come from your own scripts or plugins.

For more on this, please refer to https://docs.gradle.org/8.5/userguide/command_line_interface.html#sec:command_line_warnings in the Gradle documentation.

BUILD SUCCESSFUL in 1m 11s
1 actionable task: 1 executed
2025-08-06T21:34:42.847+0600 [DEBUG] [org.gradle.launcher.daemon.server.exec.ExecuteBuild] The daemon has finished executing the build.
2025-08-06T21:34:42.854+0600 [DEBUG] [org.gradle.launcher.daemon.server.DaemonStateCoordinator] daemon is running. Sleeping until state changes.
2025-08-06T21:34:42.854+0600 [DEBUG] [org.gradle.launcher.daemon.server.DaemonStateCoordinator] Command execution: finished waiting for DaemonCommandExecution[command = Build{id=48c80237-cbf5-4706-828a-bbe4816fc19f, currentDir=/Users/user/Downloads/fmh_android_15_03_24}, connection = DefaultDaemonConnection: socket connection from /127.0.0.1:54311 to /127.0.0.1:54312]. Result org.gradle.launcher.daemon.server.DaemonStateCoordinator@755d79b7 with state Busy
2025-08-06T21:34:42.854+0600 [DEBUG] [org.gradle.launcher.daemon.server.DaemonStateCoordinator] Command execution: completed DaemonCommandExecution[command = Build{id=48c80237-cbf5-4706-828a-bbe4816fc19f, currentDir=/Users/user/Downloads/fmh_android_15_03_24}, connection = DefaultDaemonConnection: socket connection from /127.0.0.1:54311 to /127.0.0.1:54312]
2025-08-06T21:34:42.855+0600 [DEBUG] [org.gradle.launcher.daemon.server.DaemonStateCoordinator] resetting idle timer
2025-08-06T21:34:42.855+0600 [INFO] [org.gradle.launcher.daemon.server.DaemonRegistryUpdater] Marking the daemon as idle, address: [be7e6d31-60dc-4b8c-8044-53d357247fcc port:54311, addresses:[localhost/127.0.0.1]]
2025-08-06T21:34:42.855+0600 [DEBUG] [org.gradle.launcher.daemon.registry.PersistentDaemonRegistry] Marking busy by address: [be7e6d31-60dc-4b8c-8044-53d357247fcc port:54311, addresses:[localhost/127.0.0.1]]
2025-08-06T21:34:42.855+0600 [DEBUG] [org.gradle.cache.internal.DefaultFileLockManager] Waiting to acquire exclusive lock on daemon addresses registry.
2025-08-06T21:34:42.856+0600 [DEBUG] [org.gradle.cache.internal.DefaultFileLockManager] Lock acquired on daemon addresses registry.
2025-08-06T21:34:42.857+0600 [DEBUG] [org.gradle.cache.internal.DefaultFileLockManager] Releasing lock on daemon addresses registry.
2025-08-06T21:34:42.857+0600 [DEBUG] [org.gradle.launcher.daemon.server.DaemonStateCoordinator] daemon is running. Sleeping until state changes.
2025-08-06T21:34:42.857+0600 [DEBUG] [org.gradle.launcher.daemon.server.exec.ReturnResult] Daemon is dispatching the build result: Success[value=org.gradle.launcher.exec.BuildActionResult@32b6ff04]
2025-08-06T21:34:42.858+0600 [DEBUG] [org.gradle.launcher.daemon.server.SynchronizedDispatchConnection] thread 31: dispatching Success[value=org.gradle.launcher.exec.BuildActionResult@32b6ff04]
2025-08-06T21:34:42.858+0600 [DEBUG] [org.gradle.launcher.daemon.server.DefaultIncomingConnectionHandler] Finishing executing command: Build{id=48c80237-cbf5-4706-828a-bbe4816fc19f, currentDir=/Users/user/Downloads/fmh_android_15_03_24}
2025-08-06T21:34:42.858+0600 [DEBUG] [org.gradle.launcher.daemon.server.SynchronizedDispatchConnection] thread 32: received class org.gradle.launcher.daemon.protocol.CloseInput
2025-08-06T21:34:42.859+0600 [DEBUG] [org.gradle.launcher.daemon.server.DefaultDaemonConnection] thread 32: Received IO message from client: org.gradle.launcher.daemon.protocol.CloseInput@2f2890dc
2025-08-06T21:34:42.859+0600 [DEBUG] [org.gradle.launcher.daemon.server.SynchronizedDispatchConnection] thread 32: received class org.gradle.launcher.daemon.protocol.Finished
2025-08-06T21:34:42.859+0600 [DEBUG] [org.gradle.launcher.daemon.server.DefaultDaemonConnection] thread 32: Received non-IO message from client: org.gradle.launcher.daemon.protocol.Finished@2eb1db38
2025-08-06T21:34:42.860+0600 [DEBUG] [org.gradle.launcher.daemon.server.DefaultIncomingConnectionHandler] Received finished message: org.gradle.launcher.daemon.protocol.Finished@2eb1db38
2025-08-06T21:34:42.860+0600 [DEBUG] [org.gradle.internal.remote.internal.inet.SocketConnection] Discarding EOFException: java.io.EOFException
2025-08-06T21:34:42.860+0600 [DEBUG] [org.gradle.launcher.daemon.server.SynchronizedDispatchConnection] thread 31: stopping connection
2025-08-06T21:34:42.860+0600 [DEBUG] [org.gradle.launcher.daemon.server.SynchronizedDispatchConnection] thread 32: received null
2025-08-06T21:34:42.861+0600 [DEBUG] [org.gradle.launcher.daemon.server.DefaultDaemonConnection] thread 32: Received end-of-input from client.
2025-08-06T21:34:42.864+0600 [DEBUG] [org.gradle.launcher.daemon.server.SynchronizedDispatchConnection] thread 31: stopping connection
2025-08-06T21:34:43.319+0600 [DEBUG] [org.gradle.cache.internal.DefaultFileLockManager] Waiting to acquire shared lock on daemon addresses registry.
2025-08-06T21:34:43.330+0600 [DEBUG] [org.gradle.cache.internal.DefaultFileLockManager] Lock acquired on daemon addresses registry.
2025-08-06T21:34:43.330+0600 [DEBUG] [org.gradle.cache.internal.DefaultFileLockManager] Releasing lock on daemon addresses registry.
2025-08-06T21:34:43.331+0600 [DEBUG] [org.gradle.cache.internal.DefaultFileLockManager] Waiting to acquire shared lock on daemon addresses registry.
2025-08-06T21:34:43.331+0600 [DEBUG] [org.gradle.cache.internal.DefaultFileLockManager] Lock acquired on daemon addresses registry.
2025-08-06T21:34:43.332+0600 [DEBUG] [org.gradle.cache.internal.DefaultFileLockManager] Releasing lock on daemon addresses registry.
2025-08-06T21:34:43.826+0600 [DEBUG] [org.gradle.internal.remote.internal.inet.TcpIncomingConnector] Accepted connection from /127.0.0.1:54356 to /127.0.0.1:54311.
2025-08-06T21:34:43.845+0600 [DEBUG] [org.gradle.launcher.daemon.server.SynchronizedDispatchConnection] thread 162: received class org.gradle.launcher.daemon.protocol.Build
2025-08-06T21:34:43.846+0600 [DEBUG] [org.gradle.launcher.daemon.server.DefaultDaemonConnection] thread 162: Received non-IO message from client: Build{id=563f208c-f987-44aa-8089-288d2aeff1e0, currentDir=/Users/user/Downloads/fmh_android_15_03_24}
2025-08-06T21:34:43.846+0600 [INFO] [org.gradle.launcher.daemon.server.DefaultIncomingConnectionHandler] Received command: Build{id=563f208c-f987-44aa-8089-288d2aeff1e0, currentDir=/Users/user/Downloads/fmh_android_15_03_24}.
2025-08-06T21:34:43.847+0600 [DEBUG] [org.gradle.launcher.daemon.server.DefaultIncomingConnectionHandler] Starting executing command: Build{id=563f208c-f987-44aa-8089-288d2aeff1e0, currentDir=/Users/user/Downloads/fmh_android_15_03_24} with connection: socket connection from /127.0.0.1:54311 to /127.0.0.1:54356.
2025-08-06T21:34:43.848+0600 [DEBUG] [org.gradle.launcher.daemon.server.DaemonStateCoordinator] Command execution: started DaemonCommandExecution[command = Build{id=563f208c-f987-44aa-8089-288d2aeff1e0, currentDir=/Users/user/Downloads/fmh_android_15_03_24}, connection = DefaultDaemonConnection: socket connection from /127.0.0.1:54311 to /127.0.0.1:54356] after 0.0 minutes of idle
2025-08-06T21:34:43.848+0600 [INFO] [org.gradle.launcher.daemon.server.DaemonRegistryUpdater] Marking the daemon as busy, address: [be7e6d31-60dc-4b8c-8044-53d357247fcc port:54311, addresses:[localhost/127.0.0.1]]
2025-08-06T21:34:43.848+0600 [DEBUG] [org.gradle.launcher.daemon.registry.PersistentDaemonRegistry] Marking busy by address: [be7e6d31-60dc-4b8c-8044-53d357247fcc port:54311, addresses:[localhost/127.0.0.1]]
2025-08-06T21:34:43.849+0600 [DEBUG] [org.gradle.cache.internal.DefaultFileLockManager] Waiting to acquire exclusive lock on daemon addresses registry.
2025-08-06T21:34:43.850+0600 [DEBUG] [org.gradle.cache.internal.DefaultFileLockManager] Lock acquired on daemon addresses registry.
2025-08-06T21:34:43.851+0600 [DEBUG] [org.gradle.cache.internal.DefaultFileLockManager] Releasing lock on daemon addresses registry.
2025-08-06T21:34:43.851+0600 [DEBUG] [org.gradle.launcher.daemon.server.DaemonStateCoordinator] resetting idle timer
2025-08-06T21:34:43.851+0600 [DEBUG] [org.gradle.launcher.daemon.server.DaemonStateCoordinator] daemon is running. Sleeping until state changes.
2025-08-06T21:34:43.851+0600 [INFO] [org.gradle.launcher.daemon.server.exec.StartBuildOrRespondWithBusy] Daemon is about to start building Build{id=563f208c-f987-44aa-8089-288d2aeff1e0, currentDir=/Users/user/Downloads/fmh_android_15_03_24}. Dispatching build started information...
2025-08-06T21:34:43.851+0600 [DEBUG] [org.gradle.launcher.daemon.server.SynchronizedDispatchConnection] thread 34: dispatching org.gradle.launcher.daemon.protocol.BuildStarted@37c7de51
2025-08-06T21:34:43.852+0600 [DEBUG] [org.gradle.launcher.daemon.server.exec.EstablishBuildEnvironment] Configuring env variables: [PATH, __CFBundleIdentifier, NVM_CD_FLAGS, NVM_DIR, SHELL, IJ_RESTARTER_LOG, OLDPWD, SECURITYSESSIONID, USER, COMMAND_MODE, LaunchInstanceID, TMPDIR, SSH_AUTH_SOCK, DISPLAY, XPC_FLAGS, NVM_INC, __CF_USER_TEXT_ENCODING, LOGNAME, LC_CTYPE, XPC_SERVICE_NAME, NVM_BIN, HOME]
2025-08-06T21:34:43.852+0600 [DEBUG] [org.gradle.launcher.daemon.server.exec.LogToClient] About to start relaying all logs to the client via the connection.
2025-08-06T21:34:43.853+0600 [INFO] [org.gradle.launcher.daemon.server.exec.LogToClient] The client will now receive all logging from the daemon (pid: 5818). The daemon log file: /Users/user/Downloads/fmh_android_15_03_24/daemon/8.5/daemon-5818.out.log
2025-08-06T21:34:43.854+0600 [INFO] [org.gradle.launcher.daemon.server.exec.LogAndCheckHealth] Starting 2nd build in daemon [uptime: 1 mins 10.761 secs, performance: 100%, GC rate: 0.00/s, heap usage: 0% of 2 GiB]
2025-08-06T21:34:43.854+0600 [DEBUG] [org.gradle.launcher.daemon.server.exec.ExecuteBuild] The daemon has started executing the build.
2025-08-06T21:34:43.854+0600 [DEBUG] [org.gradle.launcher.daemon.server.exec.ExecuteBuild] Executing build with daemon context: DefaultDaemonContext[uid=071651e7-a90c-4eb6-9128-7d142095dea0,javaHome=/Applications/Android Studio.app/Contents/jbr/Contents/Home,daemonRegistryDir=/Users/user/Downloads/fmh_android_15_03_24/daemon,pid=5818,idleTimeout=10800000,priority=NORMAL,applyInstrumentationAgent=true,daemonOpts=--add-opens=java.base/java.util=ALL-UNNAMED,--add-opens=java.base/java.lang=ALL-UNNAMED,--add-opens=java.base/java.lang.invoke=ALL-UNNAMED,--add-opens=java.prefs/java.util.prefs=ALL-UNNAMED,--add-opens=java.base/java.nio.charset=ALL-UNNAMED,--add-opens=java.base/java.net=ALL-UNNAMED,--add-opens=java.base/java.util.concurrent.atomic=ALL-UNNAMED,-Xmx2048m,-Dfile.encoding=UTF-8,-Duser.country=KG,-Duser.language=ru,-Duser.variant]
AGPBI: {"kind":"warning","text":"We recommend using a newer Android Gradle plugin to use compileSdk = 32\n\nThis Android Gradle plugin (7.0.4) was tested up to compileSdk = 31\n\nThis warning can be suppressed by adding\n    android.suppressUnsupportedCompileSdk=32\nto this project's gradle.properties\n\nThe build will continue, but you are strongly encouraged to update your project to\nuse a newer Android Gradle Plugin that has been tested with compileSdk = 32","sources":[{}]}

FAILURE: Build failed with an exception.

* What went wrong:
Could not create task ':app:compileDebugKotlin'.
Could not create task ':app:dataBindingGenBaseClassesDebug'.
Cannot use @TaskAction annotation on method DataBindingGenBaseClassesTask.writeBaseClasses() because interface org.gradle.api.tasks.incremental.IncrementalTaskInputs is not a valid parameter to an action method.

* Try:
> Run with --info or --debug option to get more log output.
> Run with --scan to get full insights.
> Get more help at https://help.gradle.org.

* Exception is:
com.intellij.openapi.externalSystem.model.ExternalSystemException: Could not create task ':app:compileDebugKotlin'.
Could not create task ':app:dataBindingGenBaseClassesDebug'.
Cannot use @TaskAction annotation on method DataBindingGenBaseClassesTask.writeBaseClasses() because interface org.gradle.api.tasks.incremental.IncrementalTaskInputs is not a valid parameter to an action method.
	at com.intellij.gradle.toolingExtension.impl.modelAction.GradleModelFetchAction.executeAction(GradleModelFetchAction.java:228)
	at com.intellij.gradle.toolingExtension.impl.modelAction.GradleModelFetchAction.lambda$doExecute$5(GradleModelFetchAction.java:116)
	at com.intellij.gradle.toolingExtension.impl.telemetry.GradleOpenTelemetry.lambda$runWithSpan$1(GradleOpenTelemetry.java:37)
	at com.intellij.gradle.toolingExtension.impl.telemetry.GradleOpenTelemetry.callWithSpan(GradleOpenTelemetry.java:55)
	at com.intellij.gradle.toolingExtension.impl.telemetry.GradleOpenTelemetry.callWithSpan(GradleOpenTelemetry.java:31)
	at com.intellij.gradle.toolingExtension.impl.telemetry.GradleOpenTelemetry.runWithSpan(GradleOpenTelemetry.java:36)
	at com.intellij.gradle.toolingExtension.impl.modelAction.GradleModelFetchAction.doExecute(GradleModelFetchAction.java:115)
	at com.intellij.gradle.toolingExtension.impl.modelAction.GradleModelFetchAction.lambda$execute$1(GradleModelFetchAction.java:94)
	at com.intellij.gradle.toolingExtension.impl.telemetry.GradleOpenTelemetry.callWithSpan(GradleOpenTelemetry.java:55)
	at com.intellij.gradle.toolingExtension.impl.telemetry.GradleOpenTelemetry.callWithSpan(GradleOpenTelemetry.java:31)
	at com.intellij.gradle.toolingExtension.impl.modelAction.GradleModelFetchAction.lambda$execute$2(GradleModelFetchAction.java:93)
	at com.intellij.gradle.toolingExtension.impl.modelAction.GradleModelFetchAction.withOpenTelemetry(GradleModelFetchAction.java:291)
	at com.intellij.gradle.toolingExtension.impl.modelAction.GradleModelFetchAction.lambda$execute$3(GradleModelFetchAction.java:92)
	at com.intellij.gradle.toolingExtension.impl.util.GradleExecutorServiceUtil.withSingleThreadExecutor(GradleExecutorServiceUtil.java:18)
	at com.intellij.gradle.toolingExtension.impl.modelAction.GradleModelFetchAction.execute(GradleModelFetchAction.java:91)
	at com.intellij.gradle.toolingExtension.impl.modelAction.GradleModelFetchAction.execute(GradleModelFetchAction.java:34)
	at org.gradle.tooling.internal.consumer.connection.InternalBuildActionAdapter.execute(InternalBuildActionAdapter.java:65)
	at org.gradle.tooling.internal.provider.runner.AbstractClientProvidedBuildActionRunner$ActionAdapter.runAction(AbstractClientProvidedBuildActionRunner.java:131)
	at org.gradle.tooling.internal.provider.runner.AbstractClientProvidedBuildActionRunner$ActionAdapter.fromBuildModel(AbstractClientProvidedBuildActionRunner.java:104)
	at org.gradle.tooling.internal.provider.runner.AbstractClientProvidedBuildActionRunner$ActionAdapter.fromBuildModel(AbstractClientProvidedBuildActionRunner.java:84)
	at org.gradle.internal.buildtree.DefaultBuildTreeModelCreator.fromBuildModel(DefaultBuildTreeModelCreator.java:57)
	at org.gradle.internal.buildtree.DefaultBuildTreeLifecycleController.lambda$fromBuildModel$2(DefaultBuildTreeLifecycleController.java:89)
	at org.gradle.internal.buildtree.DefaultBuildTreeLifecycleController.lambda$runBuild$4(DefaultBuildTreeLifecycleController.java:119)
	at org.gradle.internal.model.StateTransitionController.lambda$transition$6(StateTransitionController.java:169)
	at org.gradle.internal.model.StateTransitionController.doTransition(StateTransitionController.java:266)
	at org.gradle.internal.model.StateTransitionController.lambda$transition$7(StateTransitionController.java:169)
	at org.gradle.internal.work.DefaultSynchronizer.withLock(DefaultSynchronizer.java:44)
	at org.gradle.internal.model.StateTransitionController.transition(StateTransitionController.java:169)
	at org.gradle.internal.buildtree.DefaultBuildTreeLifecycleController.runBuild(DefaultBuildTreeLifecycleController.java:116)
	at org.gradle.internal.buildtree.DefaultBuildTreeLifecycleController.fromBuildModel(DefaultBuildTreeLifecycleController.java:81)
	at org.gradle.tooling.internal.provider.runner.AbstractClientProvidedBuildActionRunner.runClientAction(AbstractClientProvidedBuildActionRunner.java:43)
	at org.gradle.tooling.internal.provider.runner.ClientProvidedPhasedActionRunner.run(ClientProvidedPhasedActionRunner.java:53)
	at org.gradle.launcher.exec.ChainingBuildActionRunner.run(ChainingBuildActionRunner.java:35)
	at org.gradle.internal.buildtree.ProblemReportingBuildActionRunner.run(ProblemReportingBuildActionRunner.java:49)
	at org.gradle.launcher.exec.BuildOutcomeReportingBuildActionRunner.run(BuildOutcomeReportingBuildActionRunner.java:65)
	at org.gradle.tooling.internal.provider.FileSystemWatchingBuildActionRunner.run(FileSystemWatchingBuildActionRunner.java:140)
	at org.gradle.launcher.exec.BuildCompletionNotifyingBuildActionRunner.run(BuildCompletionNotifyingBuildActionRunner.java:41)
	at org.gradle.launcher.exec.RootBuildLifecycleBuildActionExecutor.lambda$execute$0(RootBuildLifecycleBuildActionExecutor.java:40)
	at org.gradle.composite.internal.DefaultRootBuildState.run(DefaultRootBuildState.java:123)
	at org.gradle.launcher.exec.RootBuildLifecycleBuildActionExecutor.execute(RootBuildLifecycleBuildActionExecutor.java:40)
	at org.gradle.internal.buildtree.InitDeprecationLoggingActionExecutor.execute(InitDeprecationLoggingActionExecutor.java:62)
	at org.gradle.internal.buildtree.InitProblems.execute(InitProblems.java:38)
	at org.gradle.internal.buildtree.DefaultBuildTreeContext.execute(DefaultBuildTreeContext.java:40)
	at org.gradle.launcher.exec.BuildTreeLifecycleBuildActionExecutor.lambda$execute$0(BuildTreeLifecycleBuildActionExecutor.java:58)
	at org.gradle.internal.buildtree.BuildTreeState.run(BuildTreeState.java:58)
	at org.gradle.launcher.exec.BuildTreeLifecycleBuildActionExecutor.execute(BuildTreeLifecycleBuildActionExecutor.java:58)
	at org.gradle.launcher.exec.RunAsBuildOperationBuildActionExecutor$3.call(RunAsBuildOperationBuildActionExecutor.java:61)
	at org.gradle.launcher.exec.RunAsBuildOperationBuildActionExecutor$3.call(RunAsBuildOperationBuildActionExecutor.java:57)
	at org.gradle.internal.operations.DefaultBuildOperationRunner$CallableBuildOperationWorker.execute(DefaultBuildOperationRunner.java:204)
	at org.gradle.internal.operations.DefaultBuildOperationRunner$CallableBuildOperationWorker.execute(DefaultBuildOperationRunner.java:199)
	at org.gradle.internal.operations.DefaultBuildOperationRunner$2.execute(DefaultBuildOperationRunner.java:66)
	at org.gradle.internal.operations.DefaultBuildOperationRunner$2.execute(DefaultBuildOperationRunner.java:59)
	at org.gradle.internal.operations.DefaultBuildOperationRunner.execute(DefaultBuildOperationRunner.java:157)
	at org.gradle.internal.operations.DefaultBuildOperationRunner.execute(DefaultBuildOperationRunner.java:59)
	at org.gradle.internal.operations.DefaultBuildOperationRunner.call(DefaultBuildOperationRunner.java:53)
	at org.gradle.internal.operations.DefaultBuildOperationExecutor.call(DefaultBuildOperationExecutor.java:73)
	at org.gradle.launcher.exec.RunAsBuildOperationBuildActionExecutor.execute(RunAsBuildOperationBuildActionExecutor.java:57)
	at org.gradle.launcher.exec.RunAsWorkerThreadBuildActionExecutor.lambda$execute$0(RunAsWorkerThreadBuildActionExecutor.java:36)
	at org.gradle.internal.work.DefaultWorkerLeaseService.withLocks(DefaultWorkerLeaseService.java:264)
	at org.gradle.internal.work.DefaultWorkerLeaseService.runAsWorkerThread(DefaultWorkerLeaseService.java:128)
	at org.gradle.launcher.exec.RunAsWorkerThreadBuildActionExecutor.execute(RunAsWorkerThreadBuildActionExecutor.java:36)
	at org.gradle.tooling.internal.provider.continuous.ContinuousBuildActionExecutor.execute(ContinuousBuildActionExecutor.java:110)
	at org.gradle.tooling.internal.provider.SubscribableBuildActionExecutor.execute(SubscribableBuildActionExecutor.java:64)
	at org.gradle.internal.session.DefaultBuildSessionContext.execute(DefaultBuildSessionContext.java:46)
	at org.gradle.tooling.internal.provider.BuildSessionLifecycleBuildActionExecuter$ActionImpl.apply(BuildSessionLifecycleBuildActionExecuter.java:92)
	at org.gradle.tooling.internal.provider.BuildSessionLifecycleBuildActionExecuter$ActionImpl.apply(BuildSessionLifecycleBuildActionExecuter.java:80)
	at org.gradle.internal.session.BuildSessionState.run(BuildSessionState.java:69)
	at org.gradle.tooling.internal.provider.BuildSessionLifecycleBuildActionExecuter.execute(BuildSessionLifecycleBuildActionExecuter.java:62)
	at org.gradle.tooling.internal.provider.BuildSessionLifecycleBuildActionExecuter.execute(BuildSessionLifecycleBuildActionExecuter.java:41)
	at org.gradle.tooling.internal.provider.StartParamsValidatingActionExecuter.execute(StartParamsValidatingActionExecuter.java:64)
	at org.gradle.tooling.internal.provider.StartParamsValidatingActionExecuter.execute(StartParamsValidatingActionExecuter.java:32)
	at org.gradle.tooling.internal.provider.SessionFailureReportingActionExecuter.execute(SessionFailureReportingActionExecuter.java:51)
	at org.gradle.tooling.internal.provider.SessionFailureReportingActionExecuter.execute(SessionFailureReportingActionExecuter.java:39)
	at org.gradle.tooling.internal.provider.SetupLoggingActionExecuter.execute(SetupLoggingActionExecuter.java:47)
	at org.gradle.tooling.internal.provider.SetupLoggingActionExecuter.execute(SetupLoggingActionExecuter.java:31)
	at org.gradle.launcher.daemon.server.exec.ExecuteBuild.doBuild(ExecuteBuild.java:65)
	at org.gradle.launcher.daemon.server.exec.BuildCommandOnly.execute(BuildCommandOnly.java:37)
	at org.gradle.launcher.daemon.server.api.DaemonCommandExecution.proceed(DaemonCommandExecution.java:104)
	at org.gradle.launcher.daemon.server.exec.WatchForDisconnection.execute(WatchForDisconnection.java:39)
	at org.gradle.launcher.daemon.server.api.DaemonCommandExecution.proceed(DaemonCommandExecution.java:104)
	at org.gradle.launcher.daemon.server.exec.ResetDeprecationLogger.execute(ResetDeprecationLogger.java:29)
	at org.gradle.launcher.daemon.server.api.DaemonCommandExecution.proceed(DaemonCommandExecution.java:104)
	at org.gradle.launcher.daemon.server.exec.RequestStopIfSingleUsedDaemon.execute(RequestStopIfSingleUsedDaemon.java:35)
	at org.gradle.launcher.daemon.server.api.DaemonCommandExecution.proceed(DaemonCommandExecution.java:104)
	at org.gradle.launcher.daemon.server.exec.ForwardClientInput$2.create(ForwardClientInput.java:78)
	at org.gradle.launcher.daemon.server.exec.ForwardClientInput$2.create(ForwardClientInput.java:75)
	at org.gradle.util.internal.Swapper.swap(Swapper.java:38)
	at org.gradle.launcher.daemon.server.exec.ForwardClientInput.execute(ForwardClientInput.java:75)
	at org.gradle.launcher.daemon.server.api.DaemonCommandExecution.proceed(DaemonCommandExecution.java:104)
	at org.gradle.launcher.daemon.server.exec.LogAndCheckHealth.execute(LogAndCheckHealth.java:64)
	at org.gradle.launcher.daemon.server.api.DaemonCommandExecution.proceed(DaemonCommandExecution.java:104)
	at org.gradle.launcher.daemon.server.exec.LogToClient.doBuild(LogToClient.java:63)
	at org.gradle.launcher.daemon.server.exec.BuildCommandOnly.execute(BuildCommandOnly.java:37)
	at org.gradle.launcher.daemon.server.api.DaemonCommandExecution.proceed(DaemonCommandExecution.java:104)
	at org.gradle.launcher.daemon.server.exec.EstablishBuildEnvironment.doBuild(EstablishBuildEnvironment.java:84)
	at org.gradle.launcher.daemon.server.exec.BuildCommandOnly.execute(BuildCommandOnly.java:37)
	at org.gradle.launcher.daemon.server.api.DaemonCommandExecution.proceed(DaemonCommandExecution.java:104)
	at org.gradle.launcher.daemon.server.exec.StartBuildOrRespondWithBusy$1.run(StartBuildOrRespondWithBusy.java:52)
	at org.gradle.launcher.daemon.server.DaemonStateCoordinator$1.run(DaemonStateCoordinator.java:297)
	at org.gradle.internal.concurrent.ExecutorPolicy$CatchAndRecordFailures.onExecute(ExecutorPolicy.java:64)
	at org.gradle.internal.concurrent.AbstractManagedExecutor$1.run(AbstractManagedExecutor.java:47)
org.gradle.api.internal.tasks.DefaultTaskContainer$TaskCreationException: Could not create task ':app:compileDebugKotlin'.
	at org.gradle.api.internal.tasks.DefaultTaskContainer.taskCreationException(DefaultTaskContainer.java:717)
	at org.gradle.api.internal.tasks.DefaultTaskContainer.access$600(DefaultTaskContainer.java:78)
	at org.gradle.api.internal.tasks.DefaultTaskContainer$TaskCreatingProvider.domainObjectCreationException(DefaultTaskContainer.java:709)
	at org.gradle.api.internal.DefaultNamedDomainObjectCollection$AbstractDomainObjectCreatingProvider.tryCreate(DefaultNamedDomainObjectCollection.java:954)
	at org.gradle.api.internal.tasks.DefaultTaskContainer$TaskCreatingProvider.access$1401(DefaultTaskContainer.java:656)
	at org.gradle.api.internal.tasks.DefaultTaskContainer$TaskCreatingProvider$1.run(DefaultTaskContainer.java:682)
	at org.gradle.internal.operations.DefaultBuildOperationRunner$1.execute(DefaultBuildOperationRunner.java:29)
	at org.gradle.internal.operations.DefaultBuildOperationRunner$1.execute(DefaultBuildOperationRunner.java:26)
	at org.gradle.internal.operations.DefaultBuildOperationRunner$2.execute(DefaultBuildOperationRunner.java:66)
	at org.gradle.internal.operations.DefaultBuildOperationRunner$2.execute(DefaultBuildOperationRunner.java:59)
	at org.gradle.internal.operations.DefaultBuildOperationRunner.execute(DefaultBuildOperationRunner.java:157)
	at org.gradle.internal.operations.DefaultBuildOperationRunner.execute(DefaultBuildOperationRunner.java:59)
	at org.gradle.internal.operations.DefaultBuildOperationRunner.run(DefaultBuildOperationRunner.java:47)
	at org.gradle.internal.operations.DefaultBuildOperationExecutor.run(DefaultBuildOperationExecutor.java:68)
	at org.gradle.api.internal.tasks.DefaultTaskContainer$TaskCreatingProvider.tryCreate(DefaultTaskContainer.java:678)
	at org.gradle.api.internal.DefaultNamedDomainObjectCollection$AbstractDomainObjectCreatingProvider.calculateOwnValue(DefaultNamedDomainObjectCollection.java:935)
	at org.gradle.api.internal.provider.AbstractMinimalProvider.calculateOwnPresentValue(AbstractMinimalProvider.java:80)
	at org.gradle.api.internal.provider.AbstractMinimalProvider.get(AbstractMinimalProvider.java:100)
	at org.gradle.api.internal.DefaultNamedDomainObjectCollection$AbstractDomainObjectCreatingProvider.get(DefaultNamedDomainObjectCollection.java:921)
	at org.jetbrains.kotlin.gradle.plugin.Android25ProjectHandler$wireKotlinTasks$preJavaKotlinOutput$1.call(Android25ProjectHandler.kt:52)
	at org.jetbrains.kotlin.gradle.plugin.Android25ProjectHandler$wireKotlinTasks$preJavaKotlinOutput$1.call(Android25ProjectHandler.kt:50)
	at org.gradle.api.internal.provider.DefaultProvider.calculateOwnValue(DefaultProvider.java:72)
	at org.gradle.api.internal.provider.AbstractMinimalProvider.calculateOwnPresentValue(AbstractMinimalProvider.java:80)
	at org.gradle.api.internal.provider.AbstractMinimalProvider.get(AbstractMinimalProvider.java:100)
	at org.gradle.api.internal.provider.ProviderResolutionStrategy$2.resolve(ProviderResolutionStrategy.java:33)
	at org.gradle.api.internal.file.collections.ProviderBackedFileCollection.visitChildren(ProviderBackedFileCollection.java:64)
	at org.gradle.api.internal.file.CompositeFileCollection.visitContents(CompositeFileCollection.java:113)
	at org.gradle.api.internal.file.AbstractFileCollection.visitStructure(AbstractFileCollection.java:359)
	at org.gradle.api.internal.file.CompositeFileCollection.lambda$visitContents$0(CompositeFileCollection.java:113)
	at org.gradle.api.internal.file.collections.UnpackingVisitor.add(UnpackingVisitor.java:77)
	at org.gradle.api.internal.file.collections.DefaultConfigurableFileCollection$UnresolvedItemsCollector.visitContents(DefaultConfigurableFileCollection.java:419)
	at org.gradle.api.internal.file.collections.DefaultConfigurableFileCollection.visitChildren(DefaultConfigurableFileCollection.java:328)
	at org.gradle.api.internal.file.CompositeFileCollection.visitContents(CompositeFileCollection.java:113)
	at org.gradle.api.internal.file.AbstractFileCollection.visitStructure(AbstractFileCollection.java:359)
	at org.gradle.api.internal.file.CompositeFileCollection.lambda$visitContents$0(CompositeFileCollection.java:113)
	at org.gradle.api.internal.file.collections.UnpackingVisitor.add(UnpackingVisitor.java:67)
	at org.gradle.api.internal.file.collections.DefaultConfigurableFileCollection$UnresolvedItemsCollector.visitContents(DefaultConfigurableFileCollection.java:419)
	at org.gradle.api.internal.file.collections.DefaultConfigurableFileCollection.visitChildren(DefaultConfigurableFileCollection.java:328)
	at org.gradle.api.internal.file.CompositeFileCollection.visitContents(CompositeFileCollection.java:113)
	at org.gradle.api.internal.file.AbstractFileCollection.getFiles(AbstractFileCollection.java:123)
	at com.android.build.gradle.internal.ide.ModelBuilder.createAndroidArtifact(ModelBuilder.java:939)
	at com.android.build.gradle.internal.ide.ModelBuilder.createVariant(ModelBuilder.java:651)
	at com.android.build.gradle.internal.ide.ModelBuilder.buildVariant(ModelBuilder.java:606)
	at com.android.build.gradle.internal.ide.ModelBuilder.buildAll(ModelBuilder.java:239)
	at com.android.build.gradle.internal.ide.ModelBuilder.buildAll(ModelBuilder.java:156)
	at org.gradle.tooling.provider.model.internal.DefaultToolingModelBuilderRegistry$BuilderWithParameter.build(DefaultToolingModelBuilderRegistry.java:289)
	at org.gradle.tooling.provider.model.internal.DefaultToolingModelBuilderRegistry$UserCodeAssigningBuilder.lambda$build$0(DefaultToolingModelBuilderRegistry.java:374)
	at org.gradle.internal.code.DefaultUserCodeApplicationContext$CurrentApplication.reapply(DefaultUserCodeApplicationContext.java:108)
	at org.gradle.tooling.provider.model.internal.DefaultToolingModelBuilderRegistry$UserCodeAssigningBuilder.build(DefaultToolingModelBuilderRegistry.java:374)
	at org.gradle.tooling.provider.model.internal.DefaultToolingModelBuilderRegistry$LockSingleProjectBuilder.lambda$build$0(DefaultToolingModelBuilderRegistry.java:304)
	at org.gradle.api.internal.project.DefaultProjectStateRegistry$ProjectStateImpl.lambda$fromMutableState$2(DefaultProjectStateRegistry.java:429)
	at org.gradle.internal.work.DefaultWorkerLeaseService.withReplacedLocks(DefaultWorkerLeaseService.java:360)
	at org.gradle.api.internal.project.DefaultProjectStateRegistry$ProjectStateImpl.fromMutableState(DefaultProjectStateRegistry.java:429)
	at org.gradle.tooling.provider.model.internal.DefaultToolingModelBuilderRegistry$LockSingleProjectBuilder.build(DefaultToolingModelBuilderRegistry.java:304)
	at org.gradle.tooling.provider.model.internal.DefaultToolingModelBuilderRegistry$BuildOperationWrappingBuilder$1.call(DefaultToolingModelBuilderRegistry.java:337)
	at org.gradle.internal.operations.DefaultBuildOperationRunner$CallableBuildOperationWorker.execute(DefaultBuildOperationRunner.java:204)
	at org.gradle.internal.operations.DefaultBuildOperationRunner$CallableBuildOperationWorker.execute(DefaultBuildOperationRunner.java:199)
	at org.gradle.internal.operations.DefaultBuildOperationRunner$2.execute(DefaultBuildOperationRunner.java:66)
	at org.gradle.internal.operations.DefaultBuildOperationRunner$2.execute(DefaultBuildOperationRunner.java:59)
	at org.gradle.internal.operations.DefaultBuildOperationRunner.execute(DefaultBuildOperationRunner.java:157)
	at org.gradle.internal.operations.DefaultBuildOperationRunner.execute(DefaultBuildOperationRunner.java:59)
	at org.gradle.internal.operations.DefaultBuildOperationRunner.call(DefaultBuildOperationRunner.java:53)
	at org.gradle.internal.operations.DefaultBuildOperationExecutor.call(DefaultBuildOperationExecutor.java:73)
	at org.gradle.tooling.provider.model.internal.DefaultToolingModelBuilderRegistry$BuildOperationWrappingBuilder.build(DefaultToolingModelBuilderRegistry.java:334)
	at org.gradle.internal.build.DefaultBuildToolingModelController$AbstractToolingScope.getModel(DefaultBuildToolingModelController.java:85)
	at org.gradle.tooling.internal.provider.runner.DefaultBuildController.getModel(DefaultBuildController.java:108)
	at org.gradle.tooling.internal.consumer.connection.ParameterAwareBuildControllerAdapter.getModel(ParameterAwareBuildControllerAdapter.java:40)
	at org.gradle.tooling.internal.consumer.connection.UnparameterizedBuildController.getModel(UnparameterizedBuildController.java:116)
	at org.gradle.tooling.internal.consumer.connection.NestedActionAwareBuildControllerAdapter.getModel(NestedActionAwareBuildControllerAdapter.java:32)
	at org.gradle.tooling.internal.consumer.connection.UnparameterizedBuildController.findModel(UnparameterizedBuildController.java:100)
	at org.gradle.tooling.internal.consumer.connection.NestedActionAwareBuildControllerAdapter.findModel(NestedActionAwareBuildControllerAdapter.java:32)
	at org.jetbrains.plugins.gradle.model.DefaultBuildController.findModel(DefaultBuildController.java:122)
	at com.android.tools.idea.gradle.project.sync.SyncActionRunnerKt$toMeasuringController$1.findModel$lambda$7(SyncActionRunner.kt:295)
	at com.android.tools.idea.projectsystem.gradle.sync.Counter.invoke(PerformanceMeasurementUtil.kt:108)
	at com.android.tools.idea.gradle.project.sync.SyncActionRunnerKt.measure(SyncActionRunner.kt:340)
	at com.android.tools.idea.gradle.project.sync.SyncActionRunnerKt.access$measure(SyncActionRunner.kt:1)
	at com.android.tools.idea.gradle.project.sync.SyncActionRunnerKt$toMeasuringController$1.findModel(SyncActionRunner.kt:295)
	at com.android.tools.idea.gradle.project.sync.ActionToRun$toSafeController$1.findModel(SyncActionRunner.kt:164)
	at com.android.tools.idea.gradle.project.sync.ModelFetchersKt.findVariantModel(ModelFetchers.kt:83)
	at com.android.tools.idea.gradle.project.sync.AndroidProjectResultKt.v1VariantFetcher$lambda$0(AndroidProjectResult.kt:212)
	at com.android.tools.idea.gradle.project.sync.VariantDiscovery.toFetchVariantDependenciesAction$lambda$38$lambda$36(VariantDiscovery.kt:213)
	at com.android.tools.idea.gradle.project.sync.ModelResult$Companion.create(ModelResult.kt:32)
	at com.android.tools.idea.gradle.project.sync.VariantDiscovery.toFetchVariantDependenciesAction$lambda$38(VariantDiscovery.kt:210)
	at com.android.tools.idea.gradle.project.sync.ActionToRun.map$lambda$0(SyncActionRunner.kt:68)
	at com.android.tools.idea.gradle.project.sync.ActionToRun.run$intellij_android_projectSystem_gradle_sync(SyncActionRunner.kt:79)
	at com.android.tools.idea.gradle.project.sync.SyncActionRunner.runActions$lambda$0(SyncActionRunner.kt:229)
	at com.android.tools.idea.gradle.project.sync.SyncActionRunner.runAction(SyncActionRunner.kt:256)
	at com.android.tools.idea.gradle.project.sync.SyncActionRunner.runActions(SyncActionRunner.kt:229)
	at com.android.tools.idea.gradle.project.sync.VariantDiscovery.discoverVariantsAndSync(VariantDiscovery.kt:136)
	at com.android.tools.idea.gradle.project.sync.SyncProjectActionWorker.populateAndroidModels$lambda$3(SyncProjectActionWorker.kt:72)
	at com.android.tools.idea.projectsystem.gradle.sync.Counter.invoke(PerformanceMeasurementUtil.kt:108)
	at com.android.tools.idea.gradle.project.sync.SyncProjectActionWorker.populateAndroidModels(SyncProjectActionWorker.kt:58)
	at com.android.tools.idea.gradle.project.sync.AndroidExtraModelProviderWorker.populateBuildModels(AndroidExtraModelProviderWorker.kt:106)
	at com.android.tools.idea.gradle.project.sync.AndroidExtraModelProviderImpl.populateBuildModels(AndroidExtraModelProvider.kt:116)
	at com.android.tools.idea.gradle.project.sync.AndroidExtraModelProvider.populateModels(AndroidExtraModelProvider.kt:62)
	at com.intellij.gradle.toolingExtension.impl.modelAction.GradleModelFetchAction.lambda$populateModels$14(GradleModelFetchAction.java:241)
	at com.intellij.gradle.toolingExtension.impl.telemetry.GradleOpenTelemetry.lambda$runWithSpan$1(GradleOpenTelemetry.java:37)
	at com.intellij.gradle.toolingExtension.impl.telemetry.GradleOpenTelemetry.callWithSpan(GradleOpenTelemetry.java:55)
	at com.intellij.gradle.toolingExtension.impl.telemetry.GradleOpenTelemetry.callWithSpan(GradleOpenTelemetry.java:31)
	at com.intellij.gradle.toolingExtension.impl.telemetry.GradleOpenTelemetry.runWithSpan(GradleOpenTelemetry.java:36)
	at com.intellij.gradle.toolingExtension.impl.modelAction.GradleModelFetchAction.populateModels(GradleModelFetchAction.java:240)
	at com.intellij.gradle.toolingExtension.impl.modelAction.GradleModelFetchAction.lambda$executeAction$12(GradleModelFetchAction.java:222)
	at com.intellij.gradle.toolingExtension.impl.telemetry.GradleOpenTelemetry.lambda$runWithSpan$1(GradleOpenTelemetry.java:37)
	at com.intellij.gradle.toolingExtension.impl.telemetry.GradleOpenTelemetry.callWithSpan(GradleOpenTelemetry.java:55)
	at com.intellij.gradle.toolingExtension.impl.telemetry.GradleOpenTelemetry.callWithSpan(GradleOpenTelemetry.java:31)
	at com.intellij.gradle.toolingExtension.impl.telemetry.GradleOpenTelemetry.runWithSpan(GradleOpenTelemetry.java:36)
	at com.intellij.gradle.toolingExtension.impl.modelAction.GradleModelFetchAction.lambda$executeAction$13(GradleModelFetchAction.java:220)
	at java.base/java.lang.Iterable.forEach(Unknown Source)
	at com.intellij.gradle.toolingExtension.impl.modelAction.GradleModelFetchAction.executeAction(GradleModelFetchAction.java:219)
	at com.intellij.gradle.toolingExtension.impl.modelAction.GradleModelFetchAction.lambda$doExecute$5(GradleModelFetchAction.java:116)
	at com.intellij.gradle.toolingExtension.impl.telemetry.GradleOpenTelemetry.lambda$runWithSpan$1(GradleOpenTelemetry.java:37)
	at com.intellij.gradle.toolingExtension.impl.telemetry.GradleOpenTelemetry.callWithSpan(GradleOpenTelemetry.java:55)
	at com.intellij.gradle.toolingExtension.impl.telemetry.GradleOpenTelemetry.callWithSpan(GradleOpenTelemetry.java:31)
	at com.intellij.gradle.toolingExtension.impl.telemetry.GradleOpenTelemetry.runWithSpan(GradleOpenTelemetry.java:36)
	at com.intellij.gradle.toolingExtension.impl.modelAction.GradleModelFetchAction.doExecute(GradleModelFetchAction.java:115)
	at com.intellij.gradle.toolingExtension.impl.modelAction.GradleModelFetchAction.lambda$execute$1(GradleModelFetchAction.java:94)
	at com.intellij.gradle.toolingExtension.impl.telemetry.GradleOpenTelemetry.callWithSpan(GradleOpenTelemetry.java:55)
	at com.intellij.gradle.toolingExtension.impl.telemetry.GradleOpenTelemetry.callWithSpan(GradleOpenTelemetry.java:31)
	at com.intellij.gradle.toolingExtension.impl.modelAction.GradleModelFetchAction.lambda$execute$2(GradleModelFetchAction.java:93)
	at com.intellij.gradle.toolingExtension.impl.modelAction.GradleModelFetchAction.withOpenTelemetry(GradleModelFetchAction.java:291)
	at com.intellij.gradle.toolingExtension.impl.modelAction.GradleModelFetchAction.lambda$execute$3(GradleModelFetchAction.java:92)
	at com.intellij.gradle.toolingExtension.impl.util.GradleExecutorServiceUtil.withSingleThreadExecutor(GradleExecutorServiceUtil.java:18)
	at com.intellij.gradle.toolingExtension.impl.modelAction.GradleModelFetchAction.execute(GradleModelFetchAction.java:91)
	at com.intellij.gradle.toolingExtension.impl.modelAction.GradleModelFetchAction.execute(GradleModelFetchAction.java:34)
	at org.gradle.tooling.internal.consumer.connection.InternalBuildActionAdapter.execute(InternalBuildActionAdapter.java:65)
	at org.gradle.tooling.internal.provider.runner.AbstractClientProvidedBuildActionRunner$ActionAdapter.runAction(AbstractClientProvidedBuildActionRunner.java:131)
	at org.gradle.tooling.internal.provider.runner.AbstractClientProvidedBuildActionRunner$ActionAdapter.fromBuildModel(AbstractClientProvidedBuildActionRunner.java:104)
	at org.gradle.tooling.internal.provider.runner.AbstractClientProvidedBuildActionRunner$ActionAdapter.fromBuildModel(AbstractClientProvidedBuildActionRunner.java:84)
	at org.gradle.internal.buildtree.DefaultBuildTreeModelCreator.fromBuildModel(DefaultBuildTreeModelCreator.java:57)
	at org.gradle.internal.buildtree.DefaultBuildTreeLifecycleController.lambda$fromBuildModel$2(DefaultBuildTreeLifecycleController.java:89)
	at org.gradle.internal.buildtree.DefaultBuildTreeLifecycleController.lambda$runBuild$4(DefaultBuildTreeLifecycleController.java:119)
	at org.gradle.internal.model.StateTransitionController.lambda$transition$6(StateTransitionController.java:169)
	at org.gradle.internal.model.StateTransitionController.doTransition(StateTransitionController.java:266)
	at org.gradle.internal.model.StateTransitionController.lambda$transition$7(StateTransitionController.java:169)
	at org.gradle.internal.work.DefaultSynchronizer.withLock(DefaultSynchronizer.java:44)
	at org.gradle.internal.model.StateTransitionController.transition(StateTransitionController.java:169)
	at org.gradle.internal.buildtree.DefaultBuildTreeLifecycleController.runBuild(DefaultBuildTreeLifecycleController.java:116)
	at org.gradle.internal.buildtree.DefaultBuildTreeLifecycleController.fromBuildModel(DefaultBuildTreeLifecycleController.java:81)
	at org.gradle.tooling.internal.provider.runner.AbstractClientProvidedBuildActionRunner.runClientAction(AbstractClientProvidedBuildActionRunner.java:43)
	at org.gradle.tooling.internal.provider.runner.ClientProvidedPhasedActionRunner.run(ClientProvidedPhasedActionRunner.java:53)
	at org.gradle.launcher.exec.ChainingBuildActionRunner.run(ChainingBuildActionRunner.java:35)
	at org.gradle.internal.buildtree.ProblemReportingBuildActionRunner.run(ProblemReportingBuildActionRunner.java:49)
	at org.gradle.launcher.exec.BuildOutcomeReportingBuildActionRunner.run(BuildOutcomeReportingBuildActionRunner.java:65)
	at org.gradle.tooling.internal.provider.FileSystemWatchingBuildActionRunner.run(FileSystemWatchingBuildActionRunner.java:140)
	at org.gradle.launcher.exec.BuildCompletionNotifyingBuildActionRunner.run(BuildCompletionNotifyingBuildActionRunner.java:41)
	at org.gradle.launcher.exec.RootBuildLifecycleBuildActionExecutor.lambda$execute$0(RootBuildLifecycleBuildActionExecutor.java:40)
	at org.gradle.composite.internal.DefaultRootBuildState.run(DefaultRootBuildState.java:123)
	at org.gradle.launcher.exec.RootBuildLifecycleBuildActionExecutor.execute(RootBuildLifecycleBuildActionExecutor.java:40)
	at org.gradle.internal.buildtree.InitDeprecationLoggingActionExecutor.execute(InitDeprecationLoggingActionExecutor.java:62)
	at org.gradle.internal.buildtree.InitProblems.execute(InitProblems.java:38)
	at org.gradle.internal.buildtree.DefaultBuildTreeContext.execute(DefaultBuildTreeContext.java:40)
	at org.gradle.launcher.exec.BuildTreeLifecycleBuildActionExecutor.lambda$execute$0(BuildTreeLifecycleBuildActionExecutor.java:58)
	at org.gradle.internal.buildtree.BuildTreeState.run(BuildTreeState.java:58)
	at org.gradle.launcher.exec.BuildTreeLifecycleBuildActionExecutor.execute(BuildTreeLifecycleBuildActionExecutor.java:58)
	at org.gradle.launcher.exec.RunAsBuildOperationBuildActionExecutor$3.call(RunAsBuildOperationBuildActionExecutor.java:61)
	at org.gradle.launcher.exec.RunAsBuildOperationBuildActionExecutor$3.call(RunAsBuildOperationBuildActionExecutor.java:57)
	at org.gradle.internal.operations.DefaultBuildOperationRunner$CallableBuildOperationWorker.execute(DefaultBuildOperationRunner.java:204)
	at org.gradle.internal.operations.DefaultBuildOperationRunner$CallableBuildOperationWorker.execute(DefaultBuildOperationRunner.java:199)
	at org.gradle.internal.operations.DefaultBuildOperationRunner$2.execute(DefaultBuildOperationRunner.java:66)
	at org.gradle.internal.operations.DefaultBuildOperationRunner$2.execute(DefaultBuildOperationRunner.java:59)
	at org.gradle.internal.operations.DefaultBuildOperationRunner.execute(DefaultBuildOperationRunner.java:157)
	at org.gradle.internal.operations.DefaultBuildOperationRunner.execute(DefaultBuildOperationRunner.java:59)
	at org.gradle.internal.operations.DefaultBuildOperationRunner.call(DefaultBuildOperationRunner.java:53)
	at org.gradle.internal.operations.DefaultBuildOperationExecutor.call(DefaultBuildOperationExecutor.java:73)
	at org.gradle.launcher.exec.RunAsBuildOperationBuildActionExecutor.execute(RunAsBuildOperationBuildActionExecutor.java:57)
	at org.gradle.launcher.exec.RunAsWorkerThreadBuildActionExecutor.lambda$execute$0(RunAsWorkerThreadBuildActionExecutor.java:36)
	at org.gradle.internal.work.DefaultWorkerLeaseService.withLocks(DefaultWorkerLeaseService.java:264)
	at org.gradle.internal.work.DefaultWorkerLeaseService.runAsWorkerThread(DefaultWorkerLeaseService.java:128)
	at org.gradle.launcher.exec.RunAsWorkerThreadBuildActionExecutor.execute(RunAsWorkerThreadBuildActionExecutor.java:36)
	at org.gradle.tooling.internal.provider.continuous.ContinuousBuildActionExecutor.execute(ContinuousBuildActionExecutor.java:110)
	at org.gradle.tooling.internal.provider.SubscribableBuildActionExecutor.execute(SubscribableBuildActionExecutor.java:64)
	at org.gradle.internal.session.DefaultBuildSessionContext.execute(DefaultBuildSessionContext.java:46)
	at org.gradle.tooling.internal.provider.BuildSessionLifecycleBuildActionExecuter$ActionImpl.apply(BuildSessionLifecycleBuildActionExecuter.java:92)
	at org.gradle.tooling.internal.provider.BuildSessionLifecycleBuildActionExecuter$ActionImpl.apply(BuildSessionLifecycleBuildActionExecuter.java:80)
	at org.gradle.internal.session.BuildSessionState.run(BuildSessionState.java:69)
	at org.gradle.tooling.internal.provider.BuildSessionLifecycleBuildActionExecuter.execute(BuildSessionLifecycleBuildActionExecuter.java:62)
	at org.gradle.tooling.internal.provider.BuildSessionLifecycleBuildActionExecuter.execute(BuildSessionLifecycleBuildActionExecuter.java:41)
	at org.gradle.tooling.internal.provider.StartParamsValidatingActionExecuter.execute(StartParamsValidatingActionExecuter.java:64)
	at org.gradle.tooling.internal.provider.StartParamsValidatingActionExecuter.execute(StartParamsValidatingActionExecuter.java:32)
	at org.gradle.tooling.internal.provider.SessionFailureReportingActionExecuter.execute(SessionFailureReportingActionExecuter.java:51)
	at org.gradle.tooling.internal.provider.SessionFailureReportingActionExecuter.execute(SessionFailureReportingActionExecuter.java:39)
	at org.gradle.tooling.internal.provider.SetupLoggingActionExecuter.execute(SetupLoggingActionExecuter.java:47)
	at org.gradle.tooling.internal.provider.SetupLoggingActionExecuter.execute(SetupLoggingActionExecuter.java:31)
	at org.gradle.launcher.daemon.server.exec.ExecuteBuild.doBuild(ExecuteBuild.java:65)
	at org.gradle.launcher.daemon.server.exec.BuildCommandOnly.execute(BuildCommandOnly.java:37)
	at org.gradle.launcher.daemon.server.api.DaemonCommandExecution.proceed(DaemonCommandExecution.java:104)
	at org.gradle.launcher.daemon.server.exec.WatchForDisconnection.execute(WatchForDisconnection.java:39)
	at org.gradle.launcher.daemon.server.api.DaemonCommandExecution.proceed(DaemonCommandExecution.java:104)
	at org.gradle.launcher.daemon.server.exec.ResetDeprecationLogger.execute(ResetDeprecationLogger.java:29)
	at org.gradle.launcher.daemon.server.api.DaemonCommandExecution.proceed(DaemonCommandExecution.java:104)
	at org.gradle.launcher.daemon.server.exec.RequestStopIfSingleUsedDaemon.execute(RequestStopIfSingleUsedDaemon.java:35)
	at org.gradle.launcher.daemon.server.api.DaemonCommandExecution.proceed(DaemonCommandExecution.java:104)
	at org.gradle.launcher.daemon.server.exec.ForwardClientInput$2.create(ForwardClientInput.java:78)
	at org.gradle.launcher.daemon.server.exec.ForwardClientInput$2.create(ForwardClientInput.java:75)
	at org.gradle.util.internal.Swapper.swap(Swapper.java:38)
	at org.gradle.launcher.daemon.server.exec.ForwardClientInput.execute(ForwardClientInput.java:75)
	at org.gradle.launcher.daemon.server.api.DaemonCommandExecution.proceed(DaemonCommandExecution.java:104)
	at org.gradle.launcher.daemon.server.exec.LogAndCheckHealth.execute(LogAndCheckHealth.java:64)
	at org.gradle.launcher.daemon.server.api.DaemonCommandExecution.proceed(DaemonCommandExecution.java:104)
	at org.gradle.launcher.daemon.server.exec.LogToClient.doBuild(LogToClient.java:63)
	at org.gradle.launcher.daemon.server.exec.BuildCommandOnly.execute(BuildCommandOnly.java:37)
	at org.gradle.launcher.daemon.server.api.DaemonCommandExecution.proceed(DaemonCommandExecution.java:104)
	at org.gradle.launcher.daemon.server.exec.EstablishBuildEnvironment.doBuild(EstablishBuildEnvironment.java:84)
	at org.gradle.launcher.daemon.server.exec.BuildCommandOnly.execute(BuildCommandOnly.java:37)
	at org.gradle.launcher.daemon.server.api.DaemonCommandExecution.proceed(DaemonCommandExecution.java:104)
	at org.gradle.launcher.daemon.server.exec.StartBuildOrRespondWithBusy$1.run(StartBuildOrRespondWithBusy.java:52)
	at org.gradle.launcher.daemon.server.DaemonStateCoordinator$1.run(DaemonStateCoordinator.java:297)
	at org.gradle.internal.concurrent.ExecutorPolicy$CatchAndRecordFailures.onExecute(ExecutorPolicy.java:64)
	at org.gradle.internal.concurrent.AbstractManagedExecutor$1.run(AbstractManagedExecutor.java:47)
	at java.base/java.util.concurrent.ThreadPoolExecutor.runWorker(Unknown Source)
	at java.base/java.util.concurrent.ThreadPoolExecutor$Worker.run(Unknown Source)
	at java.base/java.lang.Thread.run(Unknown Source)
Caused by: org.gradle.api.internal.tasks.DefaultTaskContainer$TaskCreationException: Could not create task ':app:dataBindingGenBaseClassesDebug'.
	at org.gradle.api.internal.tasks.DefaultTaskContainer.taskCreationException(DefaultTaskContainer.java:717)
	at org.gradle.api.internal.tasks.DefaultTaskContainer.access$600(DefaultTaskContainer.java:78)
	at org.gradle.api.internal.tasks.DefaultTaskContainer$TaskCreatingProvider.domainObjectCreationException(DefaultTaskContainer.java:709)
	at org.gradle.api.internal.DefaultNamedDomainObjectCollection$AbstractDomainObjectCreatingProvider.tryCreate(DefaultNamedDomainObjectCollection.java:954)
	at org.gradle.api.internal.tasks.DefaultTaskContainer$TaskCreatingProvider.access$1401(DefaultTaskContainer.java:656)
	at org.gradle.api.internal.tasks.DefaultTaskContainer$TaskCreatingProvider$1.run(DefaultTaskContainer.java:682)
	at org.gradle.internal.operations.DefaultBuildOperationRunner$1.execute(DefaultBuildOperationRunner.java:29)
	at org.gradle.internal.operations.DefaultBuildOperationRunner$1.execute(DefaultBuildOperationRunner.java:26)
	at org.gradle.internal.operations.DefaultBuildOperationRunner$2.execute(DefaultBuildOperationRunner.java:66)
	at org.gradle.internal.operations.DefaultBuildOperationRunner$2.execute(DefaultBuildOperationRunner.java:59)
	at org.gradle.internal.operations.DefaultBuildOperationRunner.execute(DefaultBuildOperationRunner.java:157)
	at org.gradle.internal.operations.DefaultBuildOperationRunner.execute(DefaultBuildOperationRunner.java:59)
	at org.gradle.internal.operations.DefaultBuildOperationRunner.run(DefaultBuildOperationRunner.java:47)
	at org.gradle.internal.operations.DefaultBuildOperationExecutor.run(DefaultBuildOperationExecutor.java:68)
	at org.gradle.api.internal.tasks.DefaultTaskContainer$TaskCreatingProvider.tryCreate(DefaultTaskContainer.java:678)
	at org.gradle.api.internal.DefaultNamedDomainObjectCollection$AbstractDomainObjectCreatingProvider.calculateOwnValue(DefaultNamedDomainObjectCollection.java:935)
	at org.gradle.api.internal.provider.AbstractMinimalProvider.calculateValue(AbstractMinimalProvider.java:115)
	at org.gradle.api.internal.provider.FlatMapProvider.calculateOwnValue(FlatMapProvider.java:46)
	at org.gradle.api.internal.provider.AbstractMinimalProvider.calculateValue(AbstractMinimalProvider.java:115)
	at org.gradle.api.internal.provider.TransformBackedProvider.calculateOwnValue(TransformBackedProvider.java:82)
	at org.gradle.api.internal.provider.AbstractMinimalProvider.calculateValue(AbstractMinimalProvider.java:115)
	at org.gradle.api.internal.provider.DefaultProperty.calculateValueFrom(DefaultProperty.java:128)
	at org.gradle.api.internal.provider.DefaultProperty.calculateValueFrom(DefaultProperty.java:26)
	at org.gradle.api.internal.provider.AbstractProperty.doCalculateValue(AbstractProperty.java:142)
	at org.gradle.api.internal.provider.AbstractProperty.calculateOwnValue(AbstractProperty.java:136)
	at org.gradle.api.internal.provider.AbstractMinimalProvider.calculateValue(AbstractMinimalProvider.java:115)
	at org.gradle.api.internal.provider.DefaultProperty.calculateValueFrom(DefaultProperty.java:128)
	at org.gradle.api.internal.provider.DefaultProperty.calculateValueFrom(DefaultProperty.java:26)
	at org.gradle.api.internal.provider.AbstractProperty.doCalculateValue(AbstractProperty.java:142)
	at org.gradle.api.internal.provider.AbstractProperty.calculateOwnValue(AbstractProperty.java:136)
	at org.gradle.api.internal.provider.AbstractMinimalProvider.calculateValue(AbstractMinimalProvider.java:115)
	at org.gradle.api.internal.provider.DefaultProperty.calculateValueFrom(DefaultProperty.java:128)
	at org.gradle.api.internal.provider.DefaultProperty.calculateValueFrom(DefaultProperty.java:26)
	at org.gradle.api.internal.provider.AbstractProperty.doCalculateValue(AbstractProperty.java:142)
	at org.gradle.api.internal.provider.AbstractProperty.calculateOwnValue(AbstractProperty.java:136)
	at org.gradle.api.internal.provider.AbstractMinimalProvider.calculateOwnPresentValue(AbstractMinimalProvider.java:80)
	at org.gradle.api.internal.provider.AbstractMinimalProvider.get(AbstractMinimalProvider.java:100)
	at org.gradle.api.internal.provider.ProviderResolutionStrategy$2.resolve(ProviderResolutionStrategy.java:33)
	at org.gradle.util.internal.DeferredUtil.unpack(DeferredUtil.java:59)
	at org.gradle.util.internal.DeferredUtil.unpack(DeferredUtil.java:38)
	at org.gradle.api.internal.file.AbstractFileResolver.convertObjectToFile(AbstractFileResolver.java:101)
	at org.gradle.api.internal.file.AbstractBaseDirFileResolver.doResolve(AbstractBaseDirFileResolver.java:63)
	at org.gradle.api.internal.file.AbstractFileResolver.resolve(AbstractFileResolver.java:74)
	at org.gradle.api.internal.file.AbstractFileResolver.resolve(AbstractFileResolver.java:48)
	at org.gradle.api.internal.file.collections.DefaultConfigurableFileTree.getDir(DefaultConfigurableFileTree.java:101)
	at org.jetbrains.kotlin.gradle.plugin.AbstractAndroidProjectHandler$postprocessVariant$2$1.execute(KotlinPlugin.kt:996)
	at org.jetbrains.kotlin.gradle.plugin.AbstractAndroidProjectHandler$postprocessVariant$2$1.execute(KotlinPlugin.kt:995)
	at org.gradle.api.internal.DefaultMutationGuard$1.execute(DefaultMutationGuard.java:45)
	at org.gradle.api.internal.DefaultMutationGuard$1.execute(DefaultMutationGuard.java:45)
	at org.gradle.internal.code.DefaultUserCodeApplicationContext$CurrentApplication$1.execute(DefaultUserCodeApplicationContext.java:122)
	at org.gradle.api.internal.DefaultCollectionCallbackActionDecorator$BuildOperationEmittingAction$1.run(DefaultCollectionCallbackActionDecorator.java:110)
	at org.gradle.internal.operations.DefaultBuildOperationRunner$1.execute(DefaultBuildOperationRunner.java:29)
	at org.gradle.internal.operations.DefaultBuildOperationRunner$1.execute(DefaultBuildOperationRunner.java:26)
	at org.gradle.internal.operations.DefaultBuildOperationRunner$2.execute(DefaultBuildOperationRunner.java:66)
	at org.gradle.internal.operations.DefaultBuildOperationRunner$2.execute(DefaultBuildOperationRunner.java:59)
	at org.gradle.internal.operations.DefaultBuildOperationRunner.execute(DefaultBuildOperationRunner.java:157)
	at org.gradle.internal.operations.DefaultBuildOperationRunner.execute(DefaultBuildOperationRunner.java:59)
	at org.gradle.internal.operations.DefaultBuildOperationRunner.run(DefaultBuildOperationRunner.java:47)
	at org.gradle.internal.operations.DefaultBuildOperationExecutor.run(DefaultBuildOperationExecutor.java:68)
	at org.gradle.api.internal.DefaultCollectionCallbackActionDecorator$BuildOperationEmittingAction.execute(DefaultCollectionCallbackActionDecorator.java:107)
	at org.gradle.internal.ImmutableActionSet$SetWithManyActions.execute(ImmutableActionSet.java:329)
	at org.gradle.api.internal.DefaultDomainObjectCollection.doAdd(DefaultDomainObjectCollection.java:262)
	at org.gradle.api.internal.DefaultNamedDomainObjectCollection.doAdd(DefaultNamedDomainObjectCollection.java:114)
	at org.gradle.api.internal.DefaultDomainObjectCollection.add(DefaultDomainObjectCollection.java:256)
	at org.gradle.api.internal.DefaultNamedDomainObjectCollection$AbstractDomainObjectCreatingProvider.tryCreate(DefaultNamedDomainObjectCollection.java:950)
	... 208 more
Caused by: org.gradle.api.GradleException: Cannot use @TaskAction annotation on method DataBindingGenBaseClassesTask.writeBaseClasses() because interface org.gradle.api.tasks.incremental.IncrementalTaskInputs is not a valid parameter to an action method.
	at org.gradle.api.internal.project.taskfactory.DefaultTaskClassInfoStore.createTaskAction(DefaultTaskClassInfoStore.java:126)
	at org.gradle.api.internal.project.taskfactory.DefaultTaskClassInfoStore.createTaskClassInfo(DefaultTaskClassInfoStore.java:63)
	at org.gradle.api.internal.project.taskfactory.DefaultTaskClassInfoStore.lambda$new$0(DefaultTaskClassInfoStore.java:43)
	at org.gradle.cache.internal.DefaultCrossBuildInMemoryCacheFactory$AbstractCrossBuildInMemoryCache.get(DefaultCrossBuildInMemoryCacheFactory.java:130)
	at org.gradle.api.internal.project.taskfactory.DefaultTaskClassInfoStore.getTaskClassInfo(DefaultTaskClassInfoStore.java:51)
	at org.gradle.api.internal.project.taskfactory.AnnotationProcessingTaskFactory.process(AnnotationProcessingTaskFactory.java:52)
	at org.gradle.api.internal.project.taskfactory.AnnotationProcessingTaskFactory.create(AnnotationProcessingTaskFactory.java:48)
	at org.gradle.api.internal.tasks.DefaultTaskContainer.createTask(DefaultTaskContainer.java:329)
	at org.gradle.api.internal.tasks.DefaultTaskContainer.access$200(DefaultTaskContainer.java:78)
	at org.gradle.api.internal.tasks.DefaultTaskContainer$TaskCreatingProvider.createDomainObject(DefaultTaskContainer.java:699)
	at org.gradle.api.internal.tasks.DefaultTaskContainer$TaskCreatingProvider.createDomainObject(DefaultTaskContainer.java:656)
	at org.gradle.api.internal.DefaultNamedDomainObjectCollection$AbstractDomainObjectCreatingProvider.tryCreate(DefaultNamedDomainObjectCollection.java:947)
	... 269 more



Deprecated Gradle features were used in this build, making it incompatible with Gradle 9.0.

You can use '--warning-mode all' to show the individual deprecation warnings and determine if they come from your own scripts or plugins.

For more on this, please refer to https://docs.gradle.org/8.5/userguide/command_line_interface.html#sec:command_line_warnings in the Gradle documentation.

BUILD FAILED in 43s
2025-08-06T21:35:27.683+0600 [DEBUG] [org.gradle.launcher.daemon.server.exec.ExecuteBuild] The daemon has finished executing the build.
2025-08-06T21:35:27.696+0600 [DEBUG] [org.gradle.launcher.daemon.server.DaemonStateCoordinator] daemon is running. Sleeping until state changes.
2025-08-06T21:35:27.696+0600 [DEBUG] [org.gradle.launcher.daemon.server.DaemonStateCoordinator] Command execution: finished waiting for DaemonCommandExecution[command = Build{id=563f208c-f987-44aa-8089-288d2aeff1e0, currentDir=/Users/user/Downloads/fmh_android_15_03_24}, connection = DefaultDaemonConnection: socket connection from /127.0.0.1:54311 to /127.0.0.1:54356]. Result org.gradle.launcher.daemon.server.DaemonStateCoordinator@755d79b7 with state Busy
2025-08-06T21:35:27.696+0600 [DEBUG] [org.gradle.launcher.daemon.server.DaemonStateCoordinator] Command execution: completed DaemonCommandExecution[command = Build{id=563f208c-f987-44aa-8089-288d2aeff1e0, currentDir=/Users/user/Downloads/fmh_android_15_03_24}, connection = DefaultDaemonConnection: socket connection from /127.0.0.1:54311 to /127.0.0.1:54356]
2025-08-06T21:35:27.696+0600 [DEBUG] [org.gradle.launcher.daemon.server.DaemonStateCoordinator] resetting idle timer
2025-08-06T21:35:27.696+0600 [INFO] [org.gradle.launcher.daemon.server.DaemonRegistryUpdater] Marking the daemon as idle, address: [be7e6d31-60dc-4b8c-8044-53d357247fcc port:54311, addresses:[localhost/127.0.0.1]]
2025-08-06T21:35:27.696+0600 [DEBUG] [org.gradle.launcher.daemon.registry.PersistentDaemonRegistry] Marking busy by address: [be7e6d31-60dc-4b8c-8044-53d357247fcc port:54311, addresses:[localhost/127.0.0.1]]
2025-08-06T21:35:27.697+0600 [DEBUG] [org.gradle.cache.internal.DefaultFileLockManager] Waiting to acquire exclusive lock on daemon addresses registry.
2025-08-06T21:35:27.697+0600 [DEBUG] [org.gradle.cache.internal.DefaultFileLockManager] Lock acquired on daemon addresses registry.
2025-08-06T21:35:27.698+0600 [DEBUG] [org.gradle.cache.internal.DefaultFileLockManager] Releasing lock on daemon addresses registry.
2025-08-06T21:35:27.698+0600 [DEBUG] [org.gradle.launcher.daemon.server.DaemonStateCoordinator] daemon is running. Sleeping until state changes.
2025-08-06T21:35:27.698+0600 [DEBUG] [org.gradle.launcher.daemon.server.exec.ReturnResult] Daemon is dispatching the build result: Success[value=org.gradle.launcher.exec.BuildActionResult@4603c384]
2025-08-06T21:35:27.698+0600 [DEBUG] [org.gradle.launcher.daemon.server.SynchronizedDispatchConnection] thread 31: dispatching Success[value=org.gradle.launcher.exec.BuildActionResult@4603c384]
2025-08-06T21:35:27.700+0600 [DEBUG] [org.gradle.launcher.daemon.server.DefaultIncomingConnectionHandler] Finishing executing command: Build{id=563f208c-f987-44aa-8089-288d2aeff1e0, currentDir=/Users/user/Downloads/fmh_android_15_03_24}
2025-08-06T21:35:27.704+0600 [DEBUG] [org.gradle.launcher.daemon.server.SynchronizedDispatchConnection] thread 162: received class org.gradle.launcher.daemon.protocol.CloseInput
2025-08-06T21:35:27.704+0600 [DEBUG] [org.gradle.launcher.daemon.server.DefaultDaemonConnection] thread 162: Received IO message from client: org.gradle.launcher.daemon.protocol.CloseInput@7eaa0f9d
2025-08-06T21:35:27.704+0600 [DEBUG] [org.gradle.launcher.daemon.server.SynchronizedDispatchConnection] thread 162: received class org.gradle.launcher.daemon.protocol.Finished
2025-08-06T21:35:27.704+0600 [DEBUG] [org.gradle.launcher.daemon.server.DefaultDaemonConnection] thread 162: Received non-IO message from client: org.gradle.launcher.daemon.protocol.Finished@4ec4fe7b
2025-08-06T21:35:27.704+0600 [DEBUG] [org.gradle.launcher.daemon.server.DefaultIncomingConnectionHandler] Received finished message: org.gradle.launcher.daemon.protocol.Finished@4ec4fe7b
2025-08-06T21:35:27.705+0600 [DEBUG] [org.gradle.launcher.daemon.server.SynchronizedDispatchConnection] thread 31: stopping connection
2025-08-06T21:35:27.705+0600 [DEBUG] [org.gradle.internal.remote.internal.inet.SocketConnection] Discarding EOFException: java.io.EOFException
2025-08-06T21:35:27.705+0600 [DEBUG] [org.gradle.launcher.daemon.server.SynchronizedDispatchConnection] thread 162: received null
2025-08-06T21:35:27.705+0600 [DEBUG] [org.gradle.launcher.daemon.server.DefaultDaemonConnection] thread 162: Received end-of-input from client.
2025-08-06T21:35:27.705+0600 [DEBUG] [org.gradle.launcher.daemon.server.SynchronizedDispatchConnection] thread 31: stopping connection
2025-08-06T21:35:33.317+0600 [DEBUG] [org.gradle.cache.internal.DefaultFileLockManager] Waiting to acquire shared lock on daemon addresses registry.
2025-08-06T21:35:33.317+0600 [DEBUG] [org.gradle.cache.internal.DefaultFileLockManager] Lock acquired on daemon addresses registry.
2025-08-06T21:35:33.318+0600 [DEBUG] [org.gradle.cache.internal.DefaultFileLockManager] Releasing lock on daemon addresses registry.
2025-08-06T21:35:33.318+0600 [DEBUG] [org.gradle.cache.internal.DefaultFileLockManager] Waiting to acquire shared lock on daemon addresses registry.
2025-08-06T21:35:33.318+0600 [DEBUG] [org.gradle.cache.internal.DefaultFileLockManager] Lock acquired on daemon addresses registry.
2025-08-06T21:35:33.319+0600 [DEBUG] [org.gradle.cache.internal.DefaultFileLockManager] Releasing lock on daemon addresses registry.
2025-08-06T21:35:43.319+0600 [DEBUG] [org.gradle.cache.internal.DefaultFileLockManager] Waiting to acquire shared lock on daemon addresses registry.
2025-08-06T21:35:43.319+0600 [DEBUG] [org.gradle.cache.internal.DefaultFileLockManager] Lock acquired on daemon addresses registry.
2025-08-06T21:35:43.319+0600 [DEBUG] [org.gradle.cache.internal.DefaultFileLockManager] Releasing lock on daemon addresses registry.
2025-08-06T21:35:43.320+0600 [DEBUG] [org.gradle.cache.internal.DefaultFileLockManager] Waiting to acquire shared lock on daemon addresses registry.
2025-08-06T21:35:43.320+0600 [DEBUG] [org.gradle.cache.internal.DefaultFileLockManager] Lock acquired on daemon addresses registry.
2025-08-06T21:35:43.320+0600 [DEBUG] [org.gradle.cache.internal.DefaultFileLockManager] Releasing lock on daemon addresses registry.
2025-08-06T21:35:43.321+0600 [DEBUG] [org.gradle.cache.internal.DefaultFileLockManager] Waiting to acquire shared lock on daemon addresses registry.
2025-08-06T21:35:43.321+0600 [DEBUG] [org.gradle.cache.internal.DefaultFileLockManager] Lock acquired on daemon addresses registry.
2025-08-06T21:35:43.321+0600 [DEBUG] [org.gradle.cache.internal.DefaultFileLockManager] Releasing lock on daemon addresses registry.
2025-08-06T21:35:43.489+0600 [DEBUG] [org.gradle.internal.remote.internal.inet.TcpIncomingConnector] Accepted connection from /127.0.0.1:54416 to /127.0.0.1:54311.
2025-08-06T21:35:43.492+0600 [DEBUG] [org.gradle.launcher.daemon.server.SynchronizedDispatchConnection] thread 268: received class org.gradle.launcher.daemon.protocol.StopWhenIdle
2025-08-06T21:35:43.492+0600 [DEBUG] [org.gradle.launcher.daemon.server.DefaultDaemonConnection] thread 268: Received non-IO message from client: StopWhenIdle[id=c81415d5-c810-4bb8-bd9b-0273789d2a42]
2025-08-06T21:35:43.492+0600 [INFO] [org.gradle.launcher.daemon.server.DefaultIncomingConnectionHandler] Received command: StopWhenIdle[id=c81415d5-c810-4bb8-bd9b-0273789d2a42].
2025-08-06T21:35:43.493+0600 [DEBUG] [org.gradle.launcher.daemon.server.DefaultIncomingConnectionHandler] Starting executing command: StopWhenIdle[id=c81415d5-c810-4bb8-bd9b-0273789d2a42] with connection: socket connection from /127.0.0.1:54311 to /127.0.0.1:54416.
2025-08-06T21:35:43.493+0600 [DEBUG] [org.gradle.launcher.daemon.server.DaemonRegistryUpdater] Storing daemon stop event: stop command received
2025-08-06T21:35:43.494+0600 [DEBUG] [org.gradle.launcher.daemon.registry.PersistentDaemonRegistry] Storing daemon stop event with timestamp 1754494543493
2025-08-06T21:35:43.495+0600 [DEBUG] [org.gradle.cache.internal.DefaultFileLockManager] Waiting to acquire exclusive lock on daemon addresses registry.
2025-08-06T21:35:43.495+0600 [DEBUG] [org.gradle.cache.internal.DefaultFileLockManager] Lock acquired on daemon addresses registry.
2025-08-06T21:35:43.496+0600 [DEBUG] [org.gradle.cache.internal.DefaultFileLockManager] Releasing lock on daemon addresses registry.
2025-08-06T21:35:43.496+0600 [LIFECYCLE] [org.gradle.launcher.daemon.server.DaemonStateCoordinator] Daemon will be stopped at the end of the build stop command received
2025-08-06T21:35:43.497+0600 [DEBUG] [org.gradle.launcher.daemon.server.DaemonStateCoordinator] Marking daemon stopped due to stop command received. The daemon is running a build: false
2025-08-06T21:35:43.497+0600 [DEBUG] [org.gradle.launcher.daemon.server.DaemonStateCoordinator] daemon has stopped.
2025-08-06T21:35:43.497+0600 [DEBUG] [org.gradle.launcher.daemon.server.SynchronizedDispatchConnection] thread 31: dispatching Success[value=null]
2025-08-06T21:35:43.497+0600 [DEBUG] [org.gradle.launcher.daemon.server.Daemon] stop() called on daemon
2025-08-06T21:35:43.497+0600 [DEBUG] [org.gradle.launcher.daemon.server.DefaultIncomingConnectionHandler] Finishing executing command: StopWhenIdle[id=c81415d5-c810-4bb8-bd9b-0273789d2a42]
2025-08-06T21:35:43.497+0600 [DEBUG] [org.gradle.launcher.daemon.server.SynchronizedDispatchConnection] thread 268: received class org.gradle.launcher.daemon.protocol.Finished
2025-08-06T21:35:43.497+0600 [INFO] [org.gradle.launcher.daemon.server.Daemon] Stop requested. Daemon is removing its presence from the registry...
2025-08-06T21:35:43.498+0600 [DEBUG] [org.gradle.launcher.daemon.server.DefaultDaemonConnection] thread 268: Received non-IO message from client: org.gradle.launcher.daemon.protocol.Finished@21c70930
2025-08-06T21:35:43.498+0600 [DEBUG] [org.gradle.launcher.daemon.server.DaemonRegistryUpdater] Removing our presence to clients, eg. removing this address from the registry: [be7e6d31-60dc-4b8c-8044-53d357247fcc port:54311, addresses:[localhost/127.0.0.1]]
2025-08-06T21:35:43.498+0600 [DEBUG] [org.gradle.internal.remote.internal.inet.SocketConnection] Discarding EOFException: java.io.EOFException
2025-08-06T21:35:43.498+0600 [DEBUG] [org.gradle.launcher.daemon.server.DefaultIncomingConnectionHandler] Received finished message: org.gradle.launcher.daemon.protocol.Finished@21c70930
2025-08-06T21:35:43.498+0600 [DEBUG] [org.gradle.launcher.daemon.server.SynchronizedDispatchConnection] thread 268: received null
2025-08-06T21:35:43.498+0600 [DEBUG] [org.gradle.launcher.daemon.registry.PersistentDaemonRegistry] Removing daemon address: [be7e6d31-60dc-4b8c-8044-53d357247fcc port:54311, addresses:[localhost/127.0.0.1]]
2025-08-06T21:35:43.498+0600 [DEBUG] [org.gradle.launcher.daemon.server.DefaultDaemonConnection] thread 268: Received end-of-input from client.
2025-08-06T21:35:43.498+0600 [DEBUG] [org.gradle.launcher.daemon.server.SynchronizedDispatchConnection] thread 31: stopping connection
2025-08-06T21:35:43.499+0600 [DEBUG] [org.gradle.cache.internal.DefaultFileLockManager] Waiting to acquire exclusive lock on daemon addresses registry.
2025-08-06T21:35:43.499+0600 [DEBUG] [org.gradle.launcher.daemon.server.SynchronizedDispatchConnection] thread 31: stopping connection
2025-08-06T21:35:43.499+0600 [DEBUG] [org.gradle.cache.internal.DefaultFileLockManager] Lock acquired on daemon addresses registry.
2025-08-06T21:35:43.500+0600 [DEBUG] [org.gradle.cache.internal.DefaultFileLockManager] Releasing lock on daemon addresses registry.
2025-08-06T21:35:43.501+0600 [DEBUG] [org.gradle.launcher.daemon.server.DaemonRegistryUpdater] Address removed from registry.
2025-08-06T21:35:43.506+0600 [DEBUG] [org.gradle.cache.internal.LockOnDemandCrossProcessCacheAccess] Releasing file lock for jars (/Users/user/Downloads/fmh_android_15_03_24/caches/jars-9)
2025-08-06T21:35:43.506+0600 [DEBUG] [org.gradle.cache.internal.DefaultFileLockManager] Releasing lock on jars (/Users/user/Downloads/fmh_android_15_03_24/caches/jars-9).
2025-08-06T21:35:43.506+0600 [DEBUG] [org.gradle.cache.internal.LockOnDemandCrossProcessCacheAccess] Releasing file lock for Artifact transforms cache (/Users/user/Downloads/fmh_android_15_03_24/caches/transforms-3)
2025-08-06T21:35:43.507+0600 [DEBUG] [org.gradle.cache.internal.DefaultFileLockManager] Releasing lock on Artifact transforms cache (/Users/user/Downloads/fmh_android_15_03_24/caches/transforms-3).
2025-08-06T21:35:43.510+0600 [DEBUG] [org.gradle.cache.internal.LockOnDemandCrossProcessCacheAccess] Releasing file lock for file content cache (/Users/user/Downloads/fmh_android_15_03_24/caches/8.5/fileContent)
2025-08-06T21:35:43.510+0600 [DEBUG] [org.gradle.cache.internal.DefaultFileLockManager] Releasing lock on file content cache (/Users/user/Downloads/fmh_android_15_03_24/caches/8.5/fileContent).
2025-08-06T21:35:43.511+0600 [DEBUG] [org.gradle.internal.watch.vfs.impl.WatchingVirtualFileSystem] Closing VFS, dropping state
2025-08-06T21:35:43.512+0600 [DEBUG] [org.gradle.cache.internal.DefaultCacheCoordinator] Cache Generated Gradle JARs cache (/Users/user/Downloads/fmh_android_15_03_24/caches/8.5/generated-gradle-jars) was closed 0 times.
2025-08-06T21:35:43.512+0600 [DEBUG] [org.gradle.internal.watch.registry.impl.DefaultFileWatcherRegistry] Finished listening to file system change events
2025-08-06T21:35:43.512+0600 [DEBUG] [org.gradle.cache.internal.LockOnDemandCrossProcessCacheAccess] Releasing file lock for artifact cache (/Users/user/Downloads/fmh_android_15_03_24/caches/modules-2)
2025-08-06T21:35:43.512+0600 [DEBUG] [org.gradle.cache.internal.btree.BTreePersistentIndexedCache] Closing cache resource-at-url.bin (/Users/user/Downloads/fmh_android_15_03_24/caches/modules-2/metadata-2.106/resource-at-url.bin)
2025-08-06T21:35:43.512+0600 [DEBUG] [org.gradle.cache.internal.btree.BTreePersistentIndexedCache] Closing cache module-artifact.bin (/Users/user/Downloads/fmh_android_15_03_24/caches/modules-2/metadata-2.106/module-artifact.bin)
2025-08-06T21:35:43.512+0600 [DEBUG] [org.gradle.cache.internal.btree.BTreePersistentIndexedCache] Closing cache module-metadata.bin (/Users/user/Downloads/fmh_android_15_03_24/caches/modules-2/metadata-2.106/module-metadata.bin)
2025-08-06T21:35:43.512+0600 [DEBUG] [org.gradle.cache.internal.DefaultFileLockManager] Releasing lock on artifact cache (/Users/user/Downloads/fmh_android_15_03_24/caches/modules-2).
2025-08-06T21:35:43.513+0600 [DEBUG] [org.gradle.cache.internal.LockOnDemandCrossProcessCacheAccess] Releasing file lock for journal cache (/Users/user/Downloads/fmh_android_15_03_24/caches/journal-1)
2025-08-06T21:35:43.513+0600 [DEBUG] [org.gradle.cache.internal.btree.BTreePersistentIndexedCache] Closing cache file-access.bin (/Users/user/Downloads/fmh_android_15_03_24/caches/journal-1/file-access.bin)
2025-08-06T21:35:43.513+0600 [DEBUG] [org.gradle.cache.internal.DefaultFileLockManager] Releasing lock on journal cache (/Users/user/Downloads/fmh_android_15_03_24/caches/journal-1).
2025-08-06T21:35:43.514+0600 [DEBUG] [org.gradle.cache.internal.LockOnDemandCrossProcessCacheAccess] Releasing file lock for file hash cache (/Users/user/Downloads/fmh_android_15_03_24/caches/8.5/fileHashes)
2025-08-06T21:35:43.514+0600 [DEBUG] [org.gradle.cache.internal.btree.BTreePersistentIndexedCache] Closing cache fileHashes.bin (/Users/user/Downloads/fmh_android_15_03_24/caches/8.5/fileHashes/fileHashes.bin)
2025-08-06T21:35:43.514+0600 [DEBUG] [org.gradle.cache.internal.btree.BTreePersistentIndexedCache] Closing cache resourceHashesCache.bin (/Users/user/Downloads/fmh_android_15_03_24/caches/8.5/fileHashes/resourceHashesCache.bin)
2025-08-06T21:35:43.514+0600 [DEBUG] [org.gradle.cache.internal.DefaultFileLockManager] Releasing lock on file hash cache (/Users/user/Downloads/fmh_android_15_03_24/caches/8.5/fileHashes).
2025-08-06T21:35:43.514+0600 [DEBUG] [org.gradle.cache.internal.LockOnDemandCrossProcessCacheAccess] Releasing file lock for execution history cache (/Users/user/Downloads/fmh_android_15_03_24/caches/8.5/executionHistory)
2025-08-06T21:35:43.515+0600 [DEBUG] [org.gradle.cache.internal.btree.BTreePersistentIndexedCache] Closing cache executionHistory.bin (/Users/user/Downloads/fmh_android_15_03_24/caches/8.5/executionHistory/executionHistory.bin)
2025-08-06T21:35:43.515+0600 [DEBUG] [org.gradle.cache.internal.DefaultFileLockManager] Releasing lock on execution history cache (/Users/user/Downloads/fmh_android_15_03_24/caches/8.5/executionHistory).
2025-08-06T21:35:43.516+0600 [DEBUG] [org.gradle.cache.internal.VersionSpecificCacheCleanupAction] Processed version-specific caches at /Users/user/Downloads/fmh_android_15_03_24/caches for cleanup in 0.0 secs
2025-08-06T21:35:43.520+0600 [DEBUG] [java.lang.Runtime] Runtime.exit() called with status: 0
java.lang.Throwable: Runtime.exit(0)
	at java.base/java.lang.Shutdown.logRuntimeExit(Unknown Source)
	at java.base/java.lang.Shutdown.exit(Unknown Source)
	at java.base/java.lang.Runtime.exit(Unknown Source)
	at java.base/java.lang.System.exit(Unknown Source)
	at org.gradle.launcher.bootstrap.ProcessCompleter.complete(ProcessCompleter.java:21)
	at org.gradle.launcher.bootstrap.EntryPoint.run(EntryPoint.java:59)
	at java.base/jdk.internal.reflect.DirectMethodHandleAccessor.invoke(Unknown Source)
	at java.base/java.lang.reflect.Method.invoke(Unknown Source)
	at org.gradle.launcher.bootstrap.ProcessBootstrap.runNoExit(ProcessBootstrap.java:60)
	at org.gradle.launcher.bootstrap.ProcessBootstrap.run(ProcessBootstrap.java:37)
	at org.gradle.launcher.daemon.bootstrap.GradleDaemon.main(GradleDaemon.java:22)
Daemon vm is shutting down... The daemon has exited normally or was terminated in response to a user interrupt.
2025-08-06T21:35:43.521+0600 [DEBUG] [org.gradle.launcher.daemon.registry.PersistentDaemonRegistry] Removing daemon address: [be7e6d31-60dc-4b8c-8044-53d357247fcc port:54311, addresses:[localhost/127.0.0.1]]
2025-08-06T21:35:43.521+0600 [DEBUG] [org.gradle.cache.internal.DefaultFileLockManager] Waiting to acquire exclusive lock on daemon addresses registry.
2025-08-06T21:35:43.521+0600 [DEBUG] [org.gradle.cache.internal.DefaultFileLockManager] Lock acquired on daemon addresses registry.
2025-08-06T21:35:43.522+0600 [DEBUG] [org.gradle.cache.internal.DefaultFileLockManager] Releasing lock on daemon addresses registry.
